{"/home/travis/build/npmtest/node-npmtest-cassowary/test.js":{"path":"/home/travis/build/npmtest/node-npmtest-cassowary/test.js","s":{"1":2,"2":2,"3":2,"4":2,"5":2,"6":2,"7":2,"8":1,"9":2,"10":2,"11":1,"12":1,"13":1,"14":1,"15":2,"16":2,"17":2,"18":2,"19":1,"20":1,"21":2,"22":2,"23":2,"24":1,"25":1,"26":1,"27":1,"28":1,"29":1,"30":1,"31":1,"32":1,"33":1,"34":1,"35":1,"36":1,"37":2,"38":2,"39":1,"40":2,"41":2,"42":1,"43":2,"44":2,"45":1,"46":2,"47":2,"48":1,"49":1,"50":1,"51":1,"52":1},"b":{"1":[2,1,1,1],"2":[1,1,1,1],"3":[1,1],"4":[1,1],"5":[1,1],"6":[1,1],"7":[1,1],"8":[1,1],"9":[1,1,1],"10":[1,1],"11":[1,1],"12":[1,1],"13":[1,1],"14":[1,1],"15":[1,1],"16":[1,1]},"f":{"1":2,"2":2,"3":2,"4":2,"5":2,"6":1,"7":1,"8":2,"9":2,"10":2,"11":2,"12":1},"fnMap":{"1":{"name":"(anonymous_1)","line":12,"loc":{"start":{"line":12,"column":1},"end":{"line":12,"column":13}}},"2":{"name":"(anonymous_2)","line":19,"loc":{"start":{"line":19,"column":5},"end":{"line":19,"column":17}}},"3":{"name":"(anonymous_3)","line":23,"loc":{"start":{"line":23,"column":24},"end":{"line":23,"column":36}}},"4":{"name":"(anonymous_4)","line":61,"loc":{"start":{"line":61,"column":5},"end":{"line":61,"column":17}}},"5":{"name":"(anonymous_5)","line":82,"loc":{"start":{"line":82,"column":5},"end":{"line":82,"column":17}}},"6":{"name":"(anonymous_6)","line":102,"loc":{"start":{"line":102,"column":83},"end":{"line":105,"column":10}},"skip":true},"7":{"name":"(anonymous_7)","line":113,"loc":{"start":{"line":113,"column":77},"end":{"line":116,"column":10}},"skip":true},"8":{"name":"(anonymous_8)","line":129,"loc":{"start":{"line":129,"column":12},"end":{"line":129,"column":40}},"skip":true},"9":{"name":"(anonymous_9)","line":137,"loc":{"start":{"line":137,"column":77},"end":{"line":140,"column":10}},"skip":true},"10":{"name":"(anonymous_10)","line":148,"loc":{"start":{"line":148,"column":83},"end":{"line":151,"column":10}},"skip":true},"11":{"name":"(anonymous_11)","line":159,"loc":{"start":{"line":159,"column":79},"end":{"line":162,"column":10}},"skip":true},"12":{"name":"(anonymous_12)","line":170,"loc":{"start":{"line":170,"column":75},"end":{"line":173,"column":10}},"skip":true}},"statementMap":{"1":{"start":{"line":12,"column":0},"end":{"line":185,"column":5}},"2":{"start":{"line":14,"column":4},"end":{"line":14,"column":14}},"3":{"start":{"line":19,"column":4},"end":{"line":56,"column":9}},"4":{"start":{"line":21,"column":8},"end":{"line":21,"column":19}},"5":{"start":{"line":23,"column":8},"end":{"line":35,"column":13}},"6":{"start":{"line":24,"column":12},"end":{"line":34,"column":13}},"7":{"start":{"line":25,"column":16},"end":{"line":28,"column":30}},"8":{"start":{"line":30,"column":16},"end":{"line":33,"column":27}},"9":{"start":{"line":37,"column":8},"end":{"line":39,"column":21}},"10":{"start":{"line":40,"column":8},"end":{"line":53,"column":9}},"11":{"start":{"line":43,"column":12},"end":{"line":46,"column":14}},"12":{"start":{"line":47,"column":12},"end":{"line":47,"column":18}},"13":{"start":{"line":50,"column":12},"end":{"line":51,"column":46}},"14":{"start":{"line":52,"column":12},"end":{"line":52,"column":18}},"15":{"start":{"line":55,"column":8},"end":{"line":55,"column":35}},"16":{"start":{"line":61,"column":4},"end":{"line":63,"column":9}},"17":{"start":{"line":62,"column":8},"end":{"line":62,"column":15}},"18":{"start":{"line":64,"column":4},"end":{"line":77,"column":5}},"19":{"start":{"line":70,"column":8},"end":{"line":70,"column":14}},"20":{"start":{"line":76,"column":8},"end":{"line":76,"column":14}},"21":{"start":{"line":82,"column":4},"end":{"line":84,"column":9}},"22":{"start":{"line":83,"column":8},"end":{"line":83,"column":15}},"23":{"start":{"line":85,"column":4},"end":{"line":184,"column":5}},"24":{"start":{"line":92,"column":8},"end":{"line":94,"column":63}},"25":{"start":{"line":95,"column":8},"end":{"line":95,"column":14}},"26":{"start":{"line":102,"column":8},"end":{"line":111,"column":10},"skip":true},"27":{"start":{"line":109,"column":12},"end":{"line":109,"column":55},"skip":true},"28":{"start":{"line":110,"column":12},"end":{"line":110,"column":48},"skip":true},"29":{"start":{"line":113,"column":8},"end":{"line":126,"column":10},"skip":true},"30":{"start":{"line":120,"column":12},"end":{"line":120,"column":76},"skip":true},"31":{"start":{"line":121,"column":12},"end":{"line":121,"column":73},"skip":true},"32":{"start":{"line":122,"column":12},"end":{"line":122,"column":74},"skip":true},"33":{"start":{"line":123,"column":12},"end":{"line":123,"column":79},"skip":true},"34":{"start":{"line":124,"column":12},"end":{"line":124,"column":25},"skip":true},"35":{"start":{"line":125,"column":12},"end":{"line":125,"column":45},"skip":true},"36":{"start":{"line":128,"column":8},"end":{"line":135,"column":14},"skip":true},"37":{"start":{"line":133,"column":16},"end":{"line":133,"column":29},"skip":true},"38":{"start":{"line":134,"column":16},"end":{"line":134,"column":55},"skip":true},"39":{"start":{"line":137,"column":8},"end":{"line":146,"column":10},"skip":true},"40":{"start":{"line":144,"column":12},"end":{"line":144,"column":25},"skip":true},"41":{"start":{"line":145,"column":12},"end":{"line":145,"column":45},"skip":true},"42":{"start":{"line":148,"column":8},"end":{"line":157,"column":10},"skip":true},"43":{"start":{"line":155,"column":12},"end":{"line":155,"column":25},"skip":true},"44":{"start":{"line":156,"column":12},"end":{"line":156,"column":48},"skip":true},"45":{"start":{"line":159,"column":8},"end":{"line":168,"column":10},"skip":true},"46":{"start":{"line":166,"column":12},"end":{"line":166,"column":25},"skip":true},"47":{"start":{"line":167,"column":12},"end":{"line":167,"column":46},"skip":true},"48":{"start":{"line":170,"column":8},"end":{"line":179,"column":10},"skip":true},"49":{"start":{"line":177,"column":12},"end":{"line":177,"column":94},"skip":true},"50":{"start":{"line":178,"column":12},"end":{"line":178,"column":48},"skip":true},"51":{"start":{"line":182,"column":8},"end":{"line":182,"column":35},"skip":true},"52":{"start":{"line":183,"column":8},"end":{"line":183,"column":14},"skip":true}},"branchMap":{"1":{"line":25,"type":"binary-expr","locations":[{"start":{"line":25,"column":23},"end":{"line":25,"column":62}},{"start":{"line":26,"column":20},"end":{"line":26,"column":70}},{"start":{"line":27,"column":20},"end":{"line":27,"column":71}},{"start":{"line":28,"column":20},"end":{"line":28,"column":29}}]},"2":{"line":30,"type":"binary-expr","locations":[{"start":{"line":30,"column":23},"end":{"line":30,"column":37}},{"start":{"line":31,"column":20},"end":{"line":31,"column":61}},{"start":{"line":32,"column":20},"end":{"line":32,"column":70}},{"start":{"line":33,"column":20},"end":{"line":33,"column":26}}]},"3":{"line":37,"type":"cond-expr","locations":[{"start":{"line":38,"column":14},"end":{"line":38,"column":20}},{"start":{"line":39,"column":14},"end":{"line":39,"column":20}}]},"4":{"line":40,"type":"switch","locations":[{"start":{"line":42,"column":8},"end":{"line":47,"column":18}},{"start":{"line":49,"column":8},"end":{"line":52,"column":18}}]},"5":{"line":44,"type":"binary-expr","locations":[{"start":{"line":44,"column":16},"end":{"line":44,"column":44}},{"start":{"line":44,"column":48},"end":{"line":44,"column":66}}]},"6":{"line":50,"type":"binary-expr","locations":[{"start":{"line":50,"column":21},"end":{"line":50,"column":49}},{"start":{"line":50,"column":53},"end":{"line":50,"column":72}}]},"7":{"line":64,"type":"switch","locations":[{"start":{"line":69,"column":4},"end":{"line":70,"column":14}},{"start":{"line":75,"column":4},"end":{"line":76,"column":14}}]},"8":{"line":85,"type":"switch","locations":[{"start":{"line":90,"column":4},"end":{"line":95,"column":14}},{"start":{"line":101,"column":4},"end":{"line":183,"column":14},"skip":true}]},"9":{"line":92,"type":"binary-expr","locations":[{"start":{"line":92,"column":18},"end":{"line":92,"column":32}},{"start":{"line":93,"column":12},"end":{"line":93,"column":53}},{"start":{"line":94,"column":12},"end":{"line":94,"column":61}}]},"10":{"line":102,"type":"binary-expr","locations":[{"start":{"line":102,"column":45},"end":{"line":102,"column":79},"skip":true},{"start":{"line":102,"column":83},"end":{"line":111,"column":9},"skip":true}]},"11":{"line":113,"type":"binary-expr","locations":[{"start":{"line":113,"column":42},"end":{"line":113,"column":73},"skip":true},{"start":{"line":113,"column":77},"end":{"line":126,"column":9},"skip":true}]},"12":{"line":128,"type":"binary-expr","locations":[{"start":{"line":128,"column":48},"end":{"line":128,"column":85},"skip":true},{"start":{"line":129,"column":12},"end":{"line":135,"column":13},"skip":true}]},"13":{"line":137,"type":"binary-expr","locations":[{"start":{"line":137,"column":42},"end":{"line":137,"column":73},"skip":true},{"start":{"line":137,"column":77},"end":{"line":146,"column":9},"skip":true}]},"14":{"line":148,"type":"binary-expr","locations":[{"start":{"line":148,"column":45},"end":{"line":148,"column":79},"skip":true},{"start":{"line":148,"column":83},"end":{"line":157,"column":9},"skip":true}]},"15":{"line":159,"type":"binary-expr","locations":[{"start":{"line":159,"column":43},"end":{"line":159,"column":75},"skip":true},{"start":{"line":159,"column":79},"end":{"line":168,"column":9},"skip":true}]},"16":{"line":170,"type":"binary-expr","locations":[{"start":{"line":170,"column":41},"end":{"line":170,"column":71},"skip":true},{"start":{"line":170,"column":75},"end":{"line":179,"column":9},"skip":true}]}},"code":["/* istanbul instrument in package npmtest_cassowary */","/*jslint","    bitwise: true,","    browser: true,","    maxerr: 8,","    maxlen: 96,","    node: true,","    nomen: true,","    regexp: true,","    stupid: true","*/","(function () {","    'use strict';","    var local;","","","","    // run shared js-env code - pre-init","    (function () {","        // init local","        local = {};","        // init modeJs","        local.modeJs = (function () {","            try {","                return typeof navigator.userAgent === 'string' &&","                    typeof document.querySelector('body') === 'object' &&","                    typeof XMLHttpRequest.prototype.open === 'function' &&","                    'browser';","            } catch (errorCaughtBrowser) {","                return module.exports &&","                    typeof process.versions.node === 'string' &&","                    typeof require('http').createServer === 'function' &&","                    'node';","            }","        }());","        // init global","        local.global = local.modeJs === 'browser'","            ? window","            : global;","        switch (local.modeJs) {","        // re-init local from window.local","        case 'browser':","            local = local.global.utility2.objectSetDefault(","                local.global.utility2_rollup || local.global.local,","                local.global.utility2","            );","            break;","        // re-init local from example.js","        case 'node':","            local = (local.global.utility2_rollup || require('utility2'))","                .requireExampleJsFromReadme();","            break;","        }","        // export local","        local.global.local = local;","    }());","","","","    // run shared js-env code - function","    (function () {","        return;","    }());","    switch (local.modeJs) {","","","","    // run browser js-env code - function","    case 'browser':","        break;","","","","    // run node js-env code - function","    case 'node':","        break;","    }","","","","    // run shared js-env code - post-init","    (function () {","        return;","    }());","    switch (local.modeJs) {","","","","    // run browser js-env code - post-init","    case 'browser':","        // run tests","        local.nop(local.modeTest &&","            document.querySelector('#testRunButton1') &&","            document.querySelector('#testRunButton1').click());","        break;","","","","    // run node js-env code - post-init","    /* istanbul ignore next */","    case 'node':","        local.testCase_buildApidoc_default = local.testCase_buildApidoc_default || function (","            options,","            onError","        ) {","        /*","         * this function will test buildApidoc's default handling-behavior-behavior","         */","            options = { modulePathList: module.paths };","            local.buildApidoc(options, onError);","        };","","        local.testCase_buildApp_default = local.testCase_buildApp_default || function (","            options,","            onError","        ) {","        /*","         * this function will test buildApp's default handling-behavior-behavior","         */","            local.testCase_buildReadme_default(options, local.onErrorThrow);","            local.testCase_buildLib_default(options, local.onErrorThrow);","            local.testCase_buildTest_default(options, local.onErrorThrow);","            local.testCase_buildCustomOrg_default(options, local.onErrorThrow);","            options = [];","            local.buildApp(options, onError);","        };","","        local.testCase_buildCustomOrg_default = local.testCase_buildCustomOrg_default ||","            function (options, onError) {","            /*","             * this function will test buildCustomOrg's default handling-behavior","             */","                options = {};","                local.buildCustomOrg(options, onError);","            };","","        local.testCase_buildLib_default = local.testCase_buildLib_default || function (","            options,","            onError","        ) {","        /*","         * this function will test buildLib's default handling-behavior","         */","            options = {};","            local.buildLib(options, onError);","        };","","        local.testCase_buildReadme_default = local.testCase_buildReadme_default || function (","            options,","            onError","        ) {","        /*","         * this function will test buildReadme's default handling-behavior-behavior","         */","            options = {};","            local.buildReadme(options, onError);","        };","","        local.testCase_buildTest_default = local.testCase_buildTest_default || function (","            options,","            onError","        ) {","        /*","         * this function will test buildTest's default handling-behavior","         */","            options = {};","            local.buildTest(options, onError);","        };","","        local.testCase_webpage_default = local.testCase_webpage_default || function (","            options,","            onError","        ) {","        /*","         * this function will test webpage's default handling-behavior","         */","            options = { modeCoverageMerge: true, url: local.serverLocalHost + '?modeTest=1' };","            local.browserTest(options, onError);","        };","","        // run test-server","        local.testRunServer(local);","        break;","    }","}());",""],"l":{"12":2,"14":2,"19":2,"21":2,"23":2,"24":2,"25":2,"30":1,"37":2,"40":2,"43":1,"47":1,"50":1,"52":1,"55":2,"61":2,"62":2,"64":2,"70":1,"76":1,"82":2,"83":2,"85":2,"92":1,"95":1,"102":1,"109":1,"110":1,"113":1,"120":1,"121":1,"122":1,"123":1,"124":1,"125":1,"128":1,"133":2,"134":2,"137":1,"144":2,"145":2,"148":1,"155":2,"156":2,"159":1,"166":2,"167":2,"170":1,"177":1,"178":1,"182":1,"183":1}},"/home/travis/build/npmtest/node-npmtest-cassowary/lib.npmtest_cassowary.js":{"path":"/home/travis/build/npmtest/node-npmtest-cassowary/lib.npmtest_cassowary.js","s":{"1":2,"2":2,"3":2,"4":2,"5":2,"6":2,"7":2,"8":1,"9":2,"10":2,"11":2,"12":2,"13":1,"14":1,"15":1,"16":1},"b":{"1":[2,1,1,1],"2":[1,1,1,1],"3":[1,1],"4":[2,2],"5":[1,1]},"f":{"1":2,"2":2,"3":2},"fnMap":{"1":{"name":"(anonymous_1)","line":12,"loc":{"start":{"line":12,"column":1},"end":{"line":12,"column":13}}},"2":{"name":"(anonymous_2)","line":19,"loc":{"start":{"line":19,"column":5},"end":{"line":19,"column":17}}},"3":{"name":"(anonymous_3)","line":23,"loc":{"start":{"line":23,"column":24},"end":{"line":23,"column":36}}}},"statementMap":{"1":{"start":{"line":12,"column":0},"end":{"line":53,"column":5}},"2":{"start":{"line":14,"column":4},"end":{"line":14,"column":14}},"3":{"start":{"line":19,"column":4},"end":{"line":52,"column":9}},"4":{"start":{"line":21,"column":8},"end":{"line":21,"column":19}},"5":{"start":{"line":23,"column":8},"end":{"line":35,"column":13}},"6":{"start":{"line":24,"column":12},"end":{"line":34,"column":13}},"7":{"start":{"line":25,"column":16},"end":{"line":28,"column":30}},"8":{"start":{"line":30,"column":16},"end":{"line":33,"column":27}},"9":{"start":{"line":37,"column":8},"end":{"line":39,"column":21}},"10":{"start":{"line":41,"column":8},"end":{"line":41,"column":54}},"11":{"start":{"line":43,"column":8},"end":{"line":43,"column":54}},"12":{"start":{"line":45,"column":8},"end":{"line":51,"column":9}},"13":{"start":{"line":46,"column":12},"end":{"line":46,"column":60}},"14":{"start":{"line":48,"column":12},"end":{"line":48,"column":35}},"15":{"start":{"line":49,"column":12},"end":{"line":49,"column":49}},"16":{"start":{"line":50,"column":12},"end":{"line":50,"column":43}}},"branchMap":{"1":{"line":25,"type":"binary-expr","locations":[{"start":{"line":25,"column":23},"end":{"line":25,"column":62}},{"start":{"line":26,"column":20},"end":{"line":26,"column":70}},{"start":{"line":27,"column":20},"end":{"line":27,"column":71}},{"start":{"line":28,"column":20},"end":{"line":28,"column":29}}]},"2":{"line":30,"type":"binary-expr","locations":[{"start":{"line":30,"column":23},"end":{"line":30,"column":37}},{"start":{"line":31,"column":20},"end":{"line":31,"column":61}},{"start":{"line":32,"column":20},"end":{"line":32,"column":70}},{"start":{"line":33,"column":20},"end":{"line":33,"column":26}}]},"3":{"line":37,"type":"cond-expr","locations":[{"start":{"line":38,"column":14},"end":{"line":38,"column":20}},{"start":{"line":39,"column":14},"end":{"line":39,"column":20}}]},"4":{"line":41,"type":"binary-expr","locations":[{"start":{"line":41,"column":16},"end":{"line":41,"column":44}},{"start":{"line":41,"column":48},"end":{"line":41,"column":53}}]},"5":{"line":45,"type":"if","locations":[{"start":{"line":45,"column":8},"end":{"line":45,"column":8}},{"start":{"line":45,"column":8},"end":{"line":45,"column":8}}]}},"code":["/* istanbul instrument in package npmtest_cassowary */","/*jslint","    bitwise: true,","    browser: true,","    maxerr: 8,","    maxlen: 96,","    node: true,","    nomen: true,","    regexp: true,","    stupid: true","*/","(function () {","    'use strict';","    var local;","","","","    // run shared js-env code - pre-init","    (function () {","        // init local","        local = {};","        // init modeJs","        local.modeJs = (function () {","            try {","                return typeof navigator.userAgent === 'string' &&","                    typeof document.querySelector('body') === 'object' &&","                    typeof XMLHttpRequest.prototype.open === 'function' &&","                    'browser';","            } catch (errorCaughtBrowser) {","                return module.exports &&","                    typeof process.versions.node === 'string' &&","                    typeof require('http').createServer === 'function' &&","                    'node';","            }","        }());","        // init global","        local.global = local.modeJs === 'browser'","            ? window","            : global;","        // init utility2_rollup","        local = local.global.utility2_rollup || local;","        // init lib","        local.local = local.npmtest_cassowary = local;","        // init exports","        if (local.modeJs === 'browser') {","            local.global.utility2_npmtest_cassowary = local;","        } else {","            module.exports = local;","            module.exports.__dirname = __dirname;","            module.exports.module = module;","        }","    }());","}());",""],"l":{"12":2,"14":2,"19":2,"21":2,"23":2,"24":2,"25":2,"30":1,"37":2,"41":2,"43":2,"45":2,"46":1,"48":1,"49":1,"50":1}},"/home/travis/build/npmtest/node-npmtest-cassowary/example.js":{"path":"/home/travis/build/npmtest/node-npmtest-cassowary/example.js","s":{"1":2,"2":2,"3":2,"4":2,"5":2,"6":2,"7":2,"8":1,"9":2,"10":2,"11":2,"12":2,"13":1,"14":2,"15":2,"16":2,"17":2,"18":2,"19":0,"20":2,"21":1,"22":1,"23":1,"24":1,"25":1,"26":0,"27":0,"28":1,"29":1,"30":2,"31":0,"32":0,"33":0,"34":1,"35":2,"36":2,"37":2,"38":2,"39":2,"40":2,"41":0,"42":2,"43":2,"44":2,"45":1,"46":3,"47":1,"48":1,"49":1,"50":1,"51":1,"52":1,"53":1,"54":1,"55":1,"56":1,"57":0,"58":1,"59":6,"60":6,"61":1,"62":2,"63":0,"64":2,"65":1,"66":1,"67":0,"68":0,"69":0,"70":0,"71":0,"72":0,"73":0,"74":0,"75":0,"76":0,"77":0,"78":0,"79":0,"80":0,"81":0,"82":0,"83":0},"b":{"1":[2,1,1,1],"2":[1,1,1,1],"3":[1,1],"4":[2,2],"5":[1,1],"6":[1,1],"7":[2,0],"8":[2,1,1,1,1,1],"9":[0,2,0],"10":[1,1],"11":[2,1,1],"12":[1,0],"13":[0,2],"14":[2,0,0,0,0,0,0],"15":[0,2],"16":[2,0],"17":[1,1],"18":[0,1],"19":[1,2,0,2],"20":[1,0],"21":[1,1],"22":[0,0],"23":[0,0],"24":[0,0],"25":[0,0],"26":[0,0],"27":[0,0],"28":[0,0]},"f":{"1":2,"2":2,"3":2,"4":2,"5":2,"6":2,"7":2,"8":2,"9":3,"10":1,"11":6,"12":0},"fnMap":{"1":{"name":"(anonymous_1)","line":26,"loc":{"start":{"line":26,"column":1},"end":{"line":26,"column":13}}},"2":{"name":"(anonymous_2)","line":33,"loc":{"start":{"line":33,"column":5},"end":{"line":33,"column":17}}},"3":{"name":"(anonymous_3)","line":37,"loc":{"start":{"line":37,"column":24},"end":{"line":37,"column":36}}},"4":{"name":"(anonymous_4)","line":69,"loc":{"start":{"line":69,"column":31},"end":{"line":69,"column":48}},"skip":true},"5":{"name":"(anonymous_5)","line":78,"loc":{"start":{"line":78,"column":26},"end":{"line":78,"column":45}},"skip":true},"6":{"name":"(anonymous_6)","line":123,"loc":{"start":{"line":123,"column":33},"end":{"line":123,"column":48}},"skip":true},"7":{"name":"(anonymous_7)","line":125,"loc":{"start":{"line":125,"column":27},"end":{"line":125,"column":39}},"skip":true},"8":{"name":"(anonymous_8)","line":133,"loc":{"start":{"line":133,"column":59},"end":{"line":133,"column":74}},"skip":true},"9":{"name":"(anonymous_9)","line":143,"loc":{"start":{"line":143,"column":45},"end":{"line":143,"column":62}},"skip":true},"10":{"name":"(anonymous_10)","line":144,"loc":{"start":{"line":144,"column":73},"end":{"line":144,"column":92}},"skip":true},"11":{"name":"(anonymous_11)","line":272,"loc":{"start":{"line":272,"column":51},"end":{"line":272,"column":77}},"skip":true},"12":{"name":"(anonymous_12)","line":314,"loc":{"start":{"line":314,"column":32},"end":{"line":314,"column":61}},"skip":true}},"statementMap":{"1":{"start":{"line":26,"column":0},"end":{"line":325,"column":5}},"2":{"start":{"line":28,"column":4},"end":{"line":28,"column":14}},"3":{"start":{"line":33,"column":4},"end":{"line":60,"column":9}},"4":{"start":{"line":35,"column":8},"end":{"line":35,"column":19}},"5":{"start":{"line":37,"column":8},"end":{"line":49,"column":13}},"6":{"start":{"line":38,"column":12},"end":{"line":48,"column":13}},"7":{"start":{"line":39,"column":16},"end":{"line":42,"column":30}},"8":{"start":{"line":44,"column":16},"end":{"line":47,"column":27}},"9":{"start":{"line":51,"column":8},"end":{"line":53,"column":21}},"10":{"start":{"line":55,"column":8},"end":{"line":57,"column":45}},"11":{"start":{"line":59,"column":8},"end":{"line":59,"column":35}},"12":{"start":{"line":61,"column":4},"end":{"line":324,"column":5}},"13":{"start":{"line":69,"column":8},"end":{"line":121,"column":10},"skip":true},"14":{"start":{"line":70,"column":12},"end":{"line":88,"column":13},"skip":true},"15":{"start":{"line":76,"column":16},"end":{"line":87,"column":19},"skip":true},"16":{"start":{"line":79,"column":20},"end":{"line":86,"column":21},"skip":true},"17":{"start":{"line":82,"column":24},"end":{"line":82,"column":43},"skip":true},"18":{"start":{"line":83,"column":24},"end":{"line":83,"column":30},"skip":true},"19":{"start":{"line":85,"column":24},"end":{"line":85,"column":49},"skip":true},"20":{"start":{"line":89,"column":12},"end":{"line":107,"column":13},"skip":true},"21":{"start":{"line":92,"column":16},"end":{"line":102,"column":17},"skip":true},"22":{"start":{"line":93,"column":20},"end":{"line":93,"column":86},"skip":true},"23":{"start":{"line":94,"column":20},"end":{"line":95,"column":45},"skip":true},"24":{"start":{"line":96,"column":20},"end":{"line":96,"column":42},"skip":true},"25":{"start":{"line":97,"column":20},"end":{"line":97,"column":48},"skip":true},"26":{"start":{"line":100,"column":20},"end":{"line":100,"column":85},"skip":true},"27":{"start":{"line":101,"column":20},"end":{"line":101,"column":96},"skip":true},"28":{"start":{"line":103,"column":16},"end":{"line":103,"column":22},"skip":true},"29":{"start":{"line":106,"column":16},"end":{"line":106,"column":22},"skip":true},"30":{"start":{"line":108,"column":12},"end":{"line":120,"column":13},"skip":true},"31":{"start":{"line":114,"column":16},"end":{"line":119,"column":17},"skip":true},"32":{"start":{"line":116,"column":20},"end":{"line":116,"column":78},"skip":true},"33":{"start":{"line":118,"column":20},"end":{"line":118,"column":47},"skip":true},"34":{"start":{"line":123,"column":8},"end":{"line":141,"column":11},"skip":true},"35":{"start":{"line":124,"column":12},"end":{"line":124,"column":54},"skip":true},"36":{"start":{"line":125,"column":12},"end":{"line":140,"column":14},"skip":true},"37":{"start":{"line":126,"column":16},"end":{"line":126,"column":28},"skip":true},"38":{"start":{"line":127,"column":16},"end":{"line":127,"column":69},"skip":true},"39":{"start":{"line":128,"column":16},"end":{"line":128,"column":75},"skip":true},"40":{"start":{"line":129,"column":16},"end":{"line":131,"column":17},"skip":true},"41":{"start":{"line":130,"column":20},"end":{"line":130,"column":27},"skip":true},"42":{"start":{"line":133,"column":16},"end":{"line":137,"column":36},"skip":true},"43":{"start":{"line":134,"column":20},"end":{"line":136,"column":55},"skip":true},"44":{"start":{"line":139,"column":16},"end":{"line":139,"column":57},"skip":true},"45":{"start":{"line":143,"column":8},"end":{"line":147,"column":11},"skip":true},"46":{"start":{"line":144,"column":12},"end":{"line":146,"column":15},"skip":true},"47":{"start":{"line":145,"column":16},"end":{"line":145,"column":70},"skip":true},"48":{"start":{"line":149,"column":8},"end":{"line":149,"column":31},"skip":true},"49":{"start":{"line":150,"column":8},"end":{"line":150,"column":14},"skip":true},"50":{"start":{"line":158,"column":8},"end":{"line":158,"column":31},"skip":true},"51":{"start":{"line":160,"column":8},"end":{"line":160,"column":33},"skip":true},"52":{"start":{"line":161,"column":8},"end":{"line":161,"column":37},"skip":true},"53":{"start":{"line":162,"column":8},"end":{"line":162,"column":35},"skip":true},"54":{"start":{"line":164,"column":8},"end":{"line":164,"column":50},"skip":true},"55":{"start":{"line":166,"column":8},"end":{"line":256,"column":2},"skip":true},"56":{"start":{"line":258,"column":8},"end":{"line":286,"column":9},"skip":true},"57":{"start":{"line":259,"column":12},"end":{"line":269,"column":14},"skip":true},"58":{"start":{"line":271,"column":12},"end":{"line":285,"column":19},"skip":true},"59":{"start":{"line":274,"column":20},"end":{"line":274,"column":35},"skip":true},"60":{"start":{"line":275,"column":20},"end":{"line":284,"column":21},"skip":true},"61":{"start":{"line":277,"column":24},"end":{"line":277,"column":64},"skip":true},"62":{"start":{"line":279,"column":24},"end":{"line":279,"column":40},"skip":true},"63":{"start":{"line":281,"column":24},"end":{"line":281,"column":40},"skip":true},"64":{"start":{"line":283,"column":24},"end":{"line":283,"column":39},"skip":true},"65":{"start":{"line":288,"column":8},"end":{"line":290,"column":9},"skip":true},"66":{"start":{"line":289,"column":12},"end":{"line":289,"column":18},"skip":true},"67":{"start":{"line":291,"column":8},"end":{"line":293,"column":54},"skip":true},"68":{"start":{"line":294,"column":8},"end":{"line":301,"column":37},"skip":true},"69":{"start":{"line":302,"column":8},"end":{"line":302,"column":82},"skip":true},"70":{"start":{"line":305,"column":8},"end":{"line":307,"column":9},"skip":true},"71":{"start":{"line":306,"column":12},"end":{"line":306,"column":82},"skip":true},"72":{"start":{"line":309,"column":8},"end":{"line":311,"column":9},"skip":true},"73":{"start":{"line":310,"column":12},"end":{"line":310,"column":18},"skip":true},"74":{"start":{"line":312,"column":8},"end":{"line":312,"column":54},"skip":true},"75":{"start":{"line":313,"column":8},"end":{"line":313,"column":69},"skip":true},"76":{"start":{"line":314,"column":8},"end":{"line":322,"column":36},"skip":true},"77":{"start":{"line":315,"column":12},"end":{"line":315,"column":61},"skip":true},"78":{"start":{"line":316,"column":12},"end":{"line":319,"column":13},"skip":true},"79":{"start":{"line":317,"column":16},"end":{"line":317,"column":75},"skip":true},"80":{"start":{"line":318,"column":16},"end":{"line":318,"column":23},"skip":true},"81":{"start":{"line":320,"column":12},"end":{"line":320,"column":38},"skip":true},"82":{"start":{"line":321,"column":12},"end":{"line":321,"column":27},"skip":true},"83":{"start":{"line":323,"column":8},"end":{"line":323,"column":14},"skip":true}},"branchMap":{"1":{"line":39,"type":"binary-expr","locations":[{"start":{"line":39,"column":23},"end":{"line":39,"column":62}},{"start":{"line":40,"column":20},"end":{"line":40,"column":70}},{"start":{"line":41,"column":20},"end":{"line":41,"column":71}},{"start":{"line":42,"column":20},"end":{"line":42,"column":29}}]},"2":{"line":44,"type":"binary-expr","locations":[{"start":{"line":44,"column":23},"end":{"line":44,"column":37}},{"start":{"line":45,"column":20},"end":{"line":45,"column":61}},{"start":{"line":46,"column":20},"end":{"line":46,"column":70}},{"start":{"line":47,"column":20},"end":{"line":47,"column":26}}]},"3":{"line":51,"type":"cond-expr","locations":[{"start":{"line":52,"column":14},"end":{"line":52,"column":20}},{"start":{"line":53,"column":14},"end":{"line":53,"column":20}}]},"4":{"line":55,"type":"binary-expr","locations":[{"start":{"line":55,"column":16},"end":{"line":55,"column":44}},{"start":{"line":55,"column":49},"end":{"line":57,"column":43}}]},"5":{"line":55,"type":"cond-expr","locations":[{"start":{"line":56,"column":14},"end":{"line":56,"column":53}},{"start":{"line":57,"column":14},"end":{"line":57,"column":43}}]},"6":{"line":61,"type":"switch","locations":[{"start":{"line":68,"column":4},"end":{"line":150,"column":14},"skip":true},{"start":{"line":156,"column":4},"end":{"line":323,"column":14},"skip":true}]},"7":{"line":70,"type":"if","locations":[{"start":{"line":70,"column":12},"end":{"line":70,"column":12},"skip":true},{"start":{"line":70,"column":12},"end":{"line":70,"column":12},"skip":true}]},"8":{"line":70,"type":"binary-expr","locations":[{"start":{"line":70,"column":16},"end":{"line":70,"column":22},"skip":true},{"start":{"line":70,"column":27},"end":{"line":70,"column":32},"skip":true},{"start":{"line":71,"column":20},"end":{"line":71,"column":39},"skip":true},{"start":{"line":72,"column":20},"end":{"line":72,"column":49},"skip":true},{"start":{"line":73,"column":20},"end":{"line":73,"column":58},"skip":true},{"start":{"line":74,"column":20},"end":{"line":74,"column":69},"skip":true}]},"9":{"line":79,"type":"switch","locations":[{"start":{"line":80,"column":20},"end":{"line":80,"column":33},"skip":true},{"start":{"line":81,"column":20},"end":{"line":83,"column":30},"skip":true},{"start":{"line":84,"column":20},"end":{"line":85,"column":49},"skip":true}]},"10":{"line":89,"type":"switch","locations":[{"start":{"line":90,"column":12},"end":{"line":103,"column":22},"skip":true},{"start":{"line":105,"column":12},"end":{"line":106,"column":22},"skip":true}]},"11":{"line":89,"type":"binary-expr","locations":[{"start":{"line":89,"column":20},"end":{"line":89,"column":25},"skip":true},{"start":{"line":89,"column":29},"end":{"line":89,"column":48},"skip":true},{"start":{"line":89,"column":52},"end":{"line":89,"column":74},"skip":true}]},"12":{"line":92,"type":"if","locations":[{"start":{"line":92,"column":16},"end":{"line":92,"column":16},"skip":true},{"start":{"line":92,"column":16},"end":{"line":92,"column":16},"skip":true}]},"13":{"line":108,"type":"if","locations":[{"start":{"line":108,"column":12},"end":{"line":108,"column":12},"skip":true},{"start":{"line":108,"column":12},"end":{"line":108,"column":12},"skip":true}]},"14":{"line":108,"type":"binary-expr","locations":[{"start":{"line":108,"column":16},"end":{"line":108,"column":61},"skip":true},{"start":{"line":108,"column":66},"end":{"line":108,"column":72},"skip":true},{"start":{"line":108,"column":77},"end":{"line":108,"column":82},"skip":true},{"start":{"line":109,"column":20},"end":{"line":109,"column":39},"skip":true},{"start":{"line":110,"column":20},"end":{"line":110,"column":49},"skip":true},{"start":{"line":111,"column":20},"end":{"line":111,"column":58},"skip":true},{"start":{"line":112,"column":20},"end":{"line":112,"column":68},"skip":true}]},"15":{"line":129,"type":"if","locations":[{"start":{"line":129,"column":16},"end":{"line":129,"column":16},"skip":true},{"start":{"line":129,"column":16},"end":{"line":129,"column":16},"skip":true}]},"16":{"line":134,"type":"cond-expr","locations":[{"start":{"line":135,"column":26},"end":{"line":135,"column":29},"skip":true},{"start":{"line":136,"column":26},"end":{"line":136,"column":54},"skip":true}]},"17":{"line":164,"type":"binary-expr","locations":[{"start":{"line":164,"column":27},"end":{"line":164,"column":43},"skip":true},{"start":{"line":164,"column":47},"end":{"line":164,"column":49},"skip":true}]},"18":{"line":258,"type":"if","locations":[{"start":{"line":258,"column":8},"end":{"line":258,"column":8},"skip":true},{"start":{"line":258,"column":8},"end":{"line":258,"column":8},"skip":true}]},"19":{"line":275,"type":"switch","locations":[{"start":{"line":276,"column":20},"end":{"line":277,"column":64},"skip":true},{"start":{"line":278,"column":20},"end":{"line":279,"column":40},"skip":true},{"start":{"line":280,"column":20},"end":{"line":281,"column":40},"skip":true},{"start":{"line":282,"column":20},"end":{"line":283,"column":39},"skip":true}]},"20":{"line":288,"type":"if","locations":[{"start":{"line":288,"column":8},"end":{"line":288,"column":8},"skip":true},{"start":{"line":288,"column":8},"end":{"line":288,"column":8},"skip":true}]},"21":{"line":288,"type":"binary-expr","locations":[{"start":{"line":288,"column":12},"end":{"line":288,"column":40},"skip":true},{"start":{"line":288,"column":44},"end":{"line":288,"column":67},"skip":true}]},"22":{"line":292,"type":"binary-expr","locations":[{"start":{"line":292,"column":12},"end":{"line":292,"column":50},"skip":true},{"start":{"line":293,"column":12},"end":{"line":293,"column":53},"skip":true}]},"23":{"line":295,"type":"binary-expr","locations":[{"start":{"line":295,"column":12},"end":{"line":295,"column":67},"skip":true},{"start":{"line":296,"column":12},"end":{"line":301,"column":36},"skip":true}]},"24":{"line":302,"type":"binary-expr","locations":[{"start":{"line":302,"column":43},"end":{"line":302,"column":75},"skip":true},{"start":{"line":302,"column":79},"end":{"line":302,"column":81},"skip":true}]},"25":{"line":305,"type":"if","locations":[{"start":{"line":305,"column":8},"end":{"line":305,"column":8},"skip":true},{"start":{"line":305,"column":8},"end":{"line":305,"column":8},"skip":true}]},"26":{"line":309,"type":"if","locations":[{"start":{"line":309,"column":8},"end":{"line":309,"column":8},"skip":true},{"start":{"line":309,"column":8},"end":{"line":309,"column":8},"skip":true}]},"27":{"line":312,"type":"binary-expr","locations":[{"start":{"line":312,"column":27},"end":{"line":312,"column":43},"skip":true},{"start":{"line":312,"column":47},"end":{"line":312,"column":53},"skip":true}]},"28":{"line":316,"type":"if","locations":[{"start":{"line":316,"column":12},"end":{"line":316,"column":12},"skip":true},{"start":{"line":316,"column":12},"end":{"line":316,"column":12},"skip":true}]}},"code":["/*","example.js","","quickstart example","","instruction","    1. save this script as example.js","    2. run the shell command:","        $ npm install npmtest-cassowary && PORT=8081 node example.js","    3. play with the browser-demo on http://127.0.0.1:8081","*/","","","","/* istanbul instrument in package npmtest_cassowary */","/*jslint","    bitwise: true,","    browser: true,","    maxerr: 8,","    maxlen: 96,","    node: true,","    nomen: true,","    regexp: true,","    stupid: true","*/","(function () {","    'use strict';","    var local;","","","","    // run shared js-env code - pre-init","    (function () {","        // init local","        local = {};","        // init modeJs","        local.modeJs = (function () {","            try {","                return typeof navigator.userAgent === 'string' &&","                    typeof document.querySelector('body') === 'object' &&","                    typeof XMLHttpRequest.prototype.open === 'function' &&","                    'browser';","            } catch (errorCaughtBrowser) {","                return module.exports &&","                    typeof process.versions.node === 'string' &&","                    typeof require('http').createServer === 'function' &&","                    'node';","            }","        }());","        // init global","        local.global = local.modeJs === 'browser'","            ? window","            : global;","        // init utility2_rollup","        local = local.global.utility2_rollup || (local.modeJs === 'browser'","            ? local.global.utility2_npmtest_cassowary","            : global.utility2_moduleExports);","        // export local","        local.global.local = local;","    }());","    switch (local.modeJs) {","","","","    // post-init","    // run browser js-env code - post-init","    /* istanbul ignore next */","    case 'browser':","        local.testRunBrowser = function (event) {","            if (!event || (event &&","                    event.currentTarget &&","                    event.currentTarget.className &&","                    event.currentTarget.className.includes &&","                    event.currentTarget.className.includes('onreset'))) {","                // reset output","                Array.from(","                    document.querySelectorAll('body > .resettable')","                ).forEach(function (element) {","                    switch (element.tagName) {","                    case 'INPUT':","                    case 'TEXTAREA':","                        element.value = '';","                        break;","                    default:","                        element.textContent = '';","                    }","                });","            }","            switch (event && event.currentTarget && event.currentTarget.id) {","            case 'testRunButton1':","                // show tests","                if (document.querySelector('#testReportDiv1').style.display === 'none') {","                    document.querySelector('#testReportDiv1').style.display = 'block';","                    document.querySelector('#testRunButton1').textContent =","                        'hide internal test';","                    local.modeTest = true;","                    local.testRunDefault(local);","                // hide tests","                } else {","                    document.querySelector('#testReportDiv1').style.display = 'none';","                    document.querySelector('#testRunButton1').textContent = 'run internal test';","                }","                break;","            // custom-case","            default:","                break;","            }","            if (document.querySelector('#inputTextareaEval1') && (!event || (event &&","                    event.currentTarget &&","                    event.currentTarget.className &&","                    event.currentTarget.className.includes &&","                    event.currentTarget.className.includes('oneval')))) {","                // try to eval input-code","                try {","                    /*jslint evil: true*/","                    eval(document.querySelector('#inputTextareaEval1').value);","                } catch (errorCaught) {","                    console.error(errorCaught);","                }","            }","        };","        // log stderr and stdout to #outputTextareaStdout1","        ['error', 'log'].forEach(function (key) {","            console[key + '_original'] = console[key];","            console[key] = function () {","                var element;","                console[key + '_original'].apply(console, arguments);","                element = document.querySelector('#outputTextareaStdout1');","                if (!element) {","                    return;","                }","                // append text to #outputTextareaStdout1","                element.value += Array.from(arguments).map(function (arg) {","                    return typeof arg === 'string'","                        ? arg","                        : JSON.stringify(arg, null, 4);","                }).join(' ') + '\\n';","                // scroll textarea to bottom","                element.scrollTop = element.scrollHeight;","            };","        });","        // init event-handling","        ['change', 'click', 'keyup'].forEach(function (event) {","            Array.from(document.querySelectorAll('.on' + event)).forEach(function (element) {","                element.addEventListener(event, local.testRunBrowser);","            });","        });","        // run tests","        local.testRunBrowser();","        break;","","","","    // run node js-env code - post-init","    /* istanbul ignore next */","    case 'node':","        // export local","        module.exports = local;","        // require modules","        local.fs = require('fs');","        local.http = require('http');","        local.url = require('url');","        // init assets","        local.assetsDict = local.assetsDict || {};","        /* jslint-ignore-begin */","        local.assetsDict['/assets.index.template.html'] = '\\","<!doctype html>\\n\\","<html lang=\"en\">\\n\\","<head>\\n\\","<meta charset=\"UTF-8\">\\n\\","<meta name=\"viewport\" content=\"width=device-width, initial-scale=1\">\\n\\","<title>{{env.npm_package_name}} (v{{env.npm_package_version}})</title>\\n\\","<style>\\n\\","/*csslint\\n\\","    box-sizing: false,\\n\\","    universal-selector: false\\n\\","*/\\n\\","* {\\n\\","    box-sizing: border-box;\\n\\","}\\n\\","body {\\n\\","    background: #dde;\\n\\","    font-family: Arial, Helvetica, sans-serif;\\n\\","    margin: 2rem;\\n\\","}\\n\\","body > * {\\n\\","    margin-bottom: 1rem;\\n\\","}\\n\\",".utility2FooterDiv {\\n\\","    margin-top: 20px;\\n\\","    text-align: center;\\n\\","}\\n\\","</style>\\n\\","<style>\\n\\","/*csslint\\n\\","*/\\n\\","textarea {\\n\\","    font-family: monospace;\\n\\","    height: 10rem;\\n\\","    width: 100%;\\n\\","}\\n\\","textarea[readonly] {\\n\\","    background: #ddd;\\n\\","}\\n\\","</style>\\n\\","</head>\\n\\","<body>\\n\\","<!-- utility2-comment\\n\\","<div id=\"ajaxProgressDiv1\" style=\"background: #d00; height: 2px; left: 0; margin: 0; padding: 0; position: fixed; top: 0; transition: background 0.5s, width 1.5s; width: 25%;\"></div>\\n\\","utility2-comment -->\\n\\","<h1>\\n\\","<!-- utility2-comment\\n\\","    <a\\n\\","        {{#if env.npm_package_homepage}}\\n\\","        href=\"{{env.npm_package_homepage}}\"\\n\\","        {{/if env.npm_package_homepage}}\\n\\","        target=\"_blank\"\\n\\","    >\\n\\","utility2-comment -->\\n\\","        {{env.npm_package_name}} (v{{env.npm_package_version}})\\n\\","<!-- utility2-comment\\n\\","    </a>\\n\\","utility2-comment -->\\n\\","</h1>\\n\\","<h3>{{env.npm_package_description}}</h3>\\n\\","<!-- utility2-comment\\n\\","<h4><a download href=\"assets.app.js\">download standalone app</a></h4>\\n\\","<button class=\"onclick onreset\" id=\"testRunButton1\">run internal test</button><br>\\n\\","<div id=\"testReportDiv1\" style=\"display: none;\"></div>\\n\\","utility2-comment -->\\n\\","\\n\\","\\n\\","\\n\\","<label>stderr and stdout</label>\\n\\","<textarea class=\"resettable\" id=\"outputTextareaStdout1\" readonly></textarea>\\n\\","<!-- utility2-comment\\n\\","{{#if isRollup}}\\n\\","<script src=\"assets.app.js\"></script>\\n\\","{{#unless isRollup}}\\n\\","utility2-comment -->\\n\\","<script src=\"assets.utility2.rollup.js\"></script>\\n\\","<script src=\"jsonp.utility2._stateInit?callback=window.utility2._stateInit\"></script>\\n\\","<script src=\"assets.npmtest_cassowary.rollup.js\"></script>\\n\\","<script src=\"assets.example.js\"></script>\\n\\","<script src=\"assets.test.js\"></script>\\n\\","<!-- utility2-comment\\n\\","{{/if isRollup}}\\n\\","utility2-comment -->\\n\\","<div class=\"utility2FooterDiv\">\\n\\","    [ this app was created with\\n\\","    <a href=\"https://github.com/kaizhu256/node-utility2\" target=\"_blank\">utility2</a>\\n\\","    ]\\n\\","</div>\\n\\","</body>\\n\\","</html>\\n\\","';","        /* jslint-ignore-end */","        if (local.templateRender) {","            local.assetsDict['/'] = local.templateRender(","                local.assetsDict['/assets.index.template.html'],","                {","                    env: local.objectSetDefault(local.env, {","                        npm_package_description: 'the greatest app in the world!',","                        npm_package_name: 'my-app',","                        npm_package_nameAlias: 'my_app',","                        npm_package_version: '0.0.1'","                    })","                }","            );","        } else {","            local.assetsDict['/'] = local.assetsDict['/assets.index.template.html']","                .replace((/\\{\\{env\\.(\\w+?)\\}\\}/g), function (match0, match1) {","                    // jslint-hack","                    String(match0);","                    switch (match1) {","                    case 'npm_package_description':","                        return 'the greatest app in the world!';","                    case 'npm_package_name':","                        return 'my-app';","                    case 'npm_package_nameAlias':","                        return 'my_app';","                    case 'npm_package_version':","                        return '0.0.1';","                    }","                });","        }","        // run the cli","        if (local.global.utility2_rollup || module !== require.main) {","            break;","        }","        local.assetsDict['/assets.example.js'] =","            local.assetsDict['/assets.example.js'] ||","            local.fs.readFileSync(__filename, 'utf8');","        local.assetsDict['/assets.npmtest_cassowary.rollup.js'] =","            local.assetsDict['/assets.npmtest_cassowary.rollup.js'] ||","            local.fs.readFileSync(","                // buildCustomOrg-hack","                local.npmtest_cassowary.__dirname +","                    '/lib.npmtest_cassowary.js',","                'utf8'","            ).replace((/^#!/), '//');","        local.assetsDict['/favicon.ico'] = local.assetsDict['/favicon.ico'] || '';","        // if $npm_config_timeout_exit exists,","        // then exit this process after $npm_config_timeout_exit ms","        if (Number(process.env.npm_config_timeout_exit)) {","            setTimeout(process.exit, Number(process.env.npm_config_timeout_exit));","        }","        // start server","        if (local.global.utility2_serverHttp1) {","            break;","        }","        process.env.PORT = process.env.PORT || '8081';","        console.error('server starting on port ' + process.env.PORT);","        local.http.createServer(function (request, response) {","            request.urlParsed = local.url.parse(request.url);","            if (local.assetsDict[request.urlParsed.pathname] !== undefined) {","                response.end(local.assetsDict[request.urlParsed.pathname]);","                return;","            }","            response.statusCode = 404;","            response.end();","        }).listen(process.env.PORT);","        break;","    }","}());",""],"l":{"26":2,"28":2,"33":2,"35":2,"37":2,"38":2,"39":2,"44":1,"51":2,"55":2,"59":2,"61":2,"69":1,"70":2,"76":2,"79":2,"82":2,"83":2,"85":1,"89":2,"92":1,"93":1,"94":1,"96":1,"97":1,"100":1,"101":1,"103":1,"106":1,"108":2,"114":1,"116":1,"118":1,"123":1,"124":2,"125":2,"126":2,"127":2,"128":2,"129":2,"130":1,"133":2,"134":2,"139":2,"143":1,"144":3,"145":1,"149":1,"150":1,"158":1,"160":1,"161":1,"162":1,"164":1,"166":1,"258":1,"259":1,"271":1,"274":6,"275":6,"277":1,"279":2,"281":1,"283":2,"288":1,"289":1,"291":1,"294":1,"302":1,"305":1,"306":1,"309":1,"310":1,"312":1,"313":1,"314":1,"315":1,"316":1,"317":1,"318":1,"320":1,"321":1,"323":1}},"/home/travis/build/npmtest/node-npmtest-cassowary/node_modules/cassowary/bin/c.js":{"path":"/home/travis/build/npmtest/node-npmtest-cassowary/node_modules/cassowary/bin/c.js","s":{"1":1,"2":1,"3":1,"4":1,"5":0,"6":0,"7":0,"8":0,"9":1,"10":0,"11":0,"12":0,"13":0,"14":0,"15":0,"16":0,"17":0,"18":0,"19":0,"20":0,"21":0,"22":0,"23":0,"24":28,"25":28,"26":28,"27":28,"28":28,"29":28,"30":0,"31":0,"32":0,"33":0,"34":28,"35":28,"36":159,"37":159,"38":159,"39":28,"40":0,"41":0,"42":0,"43":0,"44":0,"45":0,"46":0,"47":0,"48":0,"49":0,"50":0,"51":0,"52":0,"53":1,"54":0,"55":0,"56":0,"57":0,"58":0,"59":0,"60":0,"61":0,"62":0,"63":0,"64":1,"65":1,"66":0,"67":0,"68":0,"69":0,"70":1,"71":0,"72":0,"73":0,"74":0,"75":0,"76":0,"77":0,"78":0,"79":0,"80":0,"81":0,"82":0,"83":0,"84":0,"85":0,"86":0,"87":0,"88":0,"89":0,"90":0,"91":0,"92":0,"93":0,"94":0,"95":0,"96":0,"97":0,"98":0,"99":0,"100":0,"101":0,"102":0,"103":0,"104":0,"105":0,"106":0,"107":0,"108":0,"109":0,"110":0,"111":0,"112":1,"113":0,"114":0,"115":0,"116":0,"117":0,"118":0,"119":0,"120":0,"121":0,"122":0,"123":0,"124":0,"125":0,"126":0,"127":0,"128":0,"129":0,"130":0,"131":0,"132":1,"133":0,"134":0,"135":12,"136":6,"137":0,"138":1,"139":6,"140":0,"141":1,"142":1,"143":1,"144":4,"145":4,"146":12,"147":0,"148":1,"149":4,"150":6,"151":0,"152":1,"153":0,"154":0,"155":0,"156":0,"157":0,"158":0,"159":0,"160":0,"161":0,"162":0,"163":0,"164":0,"165":1,"166":0,"167":0,"168":0,"169":0,"170":0,"171":0,"172":0,"173":0,"174":6,"175":0,"176":6,"177":0,"178":0,"179":1,"180":0,"181":0,"182":0,"183":0,"184":0,"185":0,"186":0,"187":0,"188":0,"189":0,"190":0,"191":0,"192":0,"193":0,"194":0,"195":0,"196":0,"197":0,"198":0,"199":0,"200":0,"201":0,"202":0,"203":0,"204":0,"205":0,"206":0,"207":0,"208":0,"209":0,"210":0,"211":0,"212":0,"213":0,"214":0,"215":0,"216":0,"217":0,"218":0,"219":0,"220":0,"221":0,"222":0,"223":0,"224":0,"225":0,"226":0,"227":0,"228":0,"229":0,"230":0,"231":0,"232":0,"233":0,"234":6,"235":0,"236":0,"237":0,"238":0,"239":0,"240":0,"241":0,"242":0,"243":0,"244":0,"245":0,"246":0,"247":1,"248":0,"249":6,"250":0,"251":1,"252":0,"253":1,"254":0,"255":0,"256":0,"257":0,"258":1,"259":0,"260":1,"261":0,"262":0,"263":0,"264":0,"265":0,"266":0,"267":0,"268":0,"269":0,"270":0,"271":0,"272":0,"273":0,"274":0,"275":0,"276":0,"277":0,"278":0,"279":0,"280":0,"281":0,"282":0,"283":0,"284":0,"285":0,"286":0,"287":0,"288":0,"289":0,"290":0,"291":0,"292":0,"293":0,"294":0,"295":0,"296":0,"297":0,"298":0,"299":0,"300":0,"301":0,"302":0,"303":0,"304":0,"305":0,"306":0,"307":0,"308":0,"309":0,"310":0,"311":0,"312":0,"313":0,"314":0,"315":0,"316":0,"317":0,"318":0,"319":0,"320":0,"321":0,"322":0,"323":0,"324":1,"325":0,"326":0,"327":1,"328":0,"329":0,"330":0,"331":0,"332":0,"333":0,"334":0,"335":0,"336":0,"337":0,"338":0,"339":0,"340":0,"341":0,"342":0,"343":0,"344":0,"345":0,"346":0,"347":0,"348":0,"349":0,"350":0,"351":0,"352":0,"353":0,"354":0,"355":0,"356":0,"357":0,"358":1,"359":1,"360":0,"361":0,"362":0,"363":0,"364":0,"365":0,"366":0,"367":0,"368":0,"369":0,"370":0,"371":0,"372":0,"373":0,"374":0,"375":0,"376":0,"377":0,"378":0,"379":0,"380":0,"381":0,"382":0,"383":0,"384":0,"385":0,"386":0,"387":0,"388":0,"389":0,"390":0,"391":0,"392":0,"393":0,"394":0,"395":0,"396":0,"397":0,"398":0,"399":0,"400":0,"401":0,"402":0,"403":0,"404":0,"405":0,"406":0,"407":0,"408":0,"409":0,"410":0,"411":0,"412":0,"413":0,"414":0,"415":0,"416":0,"417":0,"418":0,"419":0,"420":0,"421":0,"422":0,"423":0,"424":0,"425":0,"426":0,"427":0,"428":0,"429":0,"430":0,"431":0,"432":0,"433":0,"434":0,"435":0,"436":0,"437":0,"438":0,"439":0,"440":0,"441":0,"442":0,"443":0,"444":0,"445":0,"446":0,"447":0,"448":0,"449":0,"450":0,"451":0,"452":0,"453":0,"454":0,"455":0,"456":0,"457":0,"458":0,"459":0,"460":0,"461":0,"462":0,"463":0,"464":0,"465":0,"466":0,"467":0,"468":0,"469":0,"470":0,"471":0,"472":0,"473":0,"474":0,"475":0,"476":0,"477":0,"478":0,"479":0,"480":0,"481":0,"482":0,"483":0,"484":0,"485":0,"486":0,"487":0,"488":0,"489":0,"490":0,"491":0,"492":0,"493":0,"494":0,"495":0,"496":0,"497":0,"498":0,"499":0,"500":0,"501":0,"502":0,"503":0,"504":0,"505":0,"506":0,"507":0,"508":0,"509":0,"510":0,"511":0,"512":0,"513":0,"514":0,"515":0,"516":0,"517":0,"518":0,"519":0,"520":0,"521":0,"522":0,"523":0,"524":0,"525":0,"526":0,"527":0,"528":0,"529":0,"530":0,"531":0,"532":0,"533":0,"534":0,"535":0,"536":0,"537":0,"538":0,"539":0,"540":0,"541":0,"542":0,"543":0,"544":0,"545":0,"546":0,"547":0,"548":0,"549":0,"550":0,"551":0,"552":0,"553":0,"554":0,"555":0,"556":0,"557":0,"558":0,"559":0,"560":0,"561":0,"562":0,"563":0,"564":0,"565":0,"566":0,"567":0,"568":0,"569":0,"570":0,"571":0,"572":1,"573":0,"574":0,"575":0,"576":0,"577":0,"578":1,"579":0,"580":1,"581":1,"582":0,"583":1,"584":0,"585":0,"586":0,"587":0,"588":0,"589":0,"590":0,"591":0,"592":0,"593":0,"594":1,"595":0,"596":0,"597":0,"598":1,"599":0,"600":0,"601":1,"602":0,"603":0,"604":1,"605":0,"606":0,"607":1,"608":0,"609":0,"610":1,"611":0,"612":0,"613":1,"614":0,"615":0,"616":1,"617":0,"618":0,"619":1,"620":0,"621":0,"622":1,"623":0,"624":0,"625":0,"626":0,"627":0,"628":0,"629":0,"630":1,"631":0,"632":0,"633":0,"634":0,"635":0,"636":0,"637":0,"638":1,"639":0,"640":0,"641":0,"642":0,"643":0,"644":0,"645":0,"646":1,"647":0,"648":0,"649":0,"650":0,"651":1,"652":0,"653":0,"654":0,"655":0,"656":1,"657":0,"658":0,"659":0,"660":1,"661":0,"662":0,"663":0,"664":0,"665":0,"666":0,"667":0,"668":1,"669":0,"670":0,"671":0,"672":1,"673":0,"674":0,"675":0,"676":0,"677":0,"678":0,"679":0,"680":0,"681":0,"682":1,"683":0,"684":0,"685":0,"686":1,"687":0,"688":0,"689":0,"690":0,"691":0,"692":0,"693":0,"694":0,"695":1,"696":0,"697":0,"698":0,"699":0,"700":1,"701":0,"702":0,"703":0,"704":1,"705":0,"706":0,"707":1,"708":0,"709":0,"710":0,"711":0,"712":0,"713":0,"714":0,"715":0,"716":0,"717":0,"718":1,"719":0,"720":0,"721":1,"722":0,"723":0,"724":0,"725":0,"726":0,"727":0,"728":0,"729":0,"730":0,"731":0,"732":1,"733":0,"734":0,"735":1,"736":0,"737":0,"738":0,"739":0,"740":0,"741":0,"742":0,"743":0,"744":0,"745":0,"746":1,"747":0,"748":0,"749":1,"750":0,"751":0,"752":0,"753":0,"754":0,"755":0,"756":0,"757":0,"758":0,"759":0,"760":1,"761":0,"762":0,"763":0,"764":0,"765":1,"766":0,"767":0,"768":0,"769":0,"770":0,"771":0,"772":0,"773":0,"774":0,"775":0,"776":0,"777":0,"778":0,"779":0,"780":0,"781":1,"782":1,"783":0,"784":0,"785":0,"786":0,"787":0,"788":0,"789":0,"790":0,"791":0},"b":{"1":[0,0],"2":[0,0],"3":[0,0],"4":[0,0],"5":[0,0],"6":[0,0],"7":[0,0],"8":[0,0],"9":[0,0],"10":[0,0],"11":[0,0],"12":[28,16],"13":[28,27],"14":[28,1],"15":[16,12],"16":[28,6],"17":[16,12],"18":[0,28],"19":[28,0,0],"20":[0,0],"21":[0,0],"22":[7,152],"23":[159,152],"24":[132,20],"25":[152,42],"26":[28,28],"27":[0,0],"28":[0,0],"29":[0,0],"30":[0,0],"31":[0,0],"32":[0,0],"33":[0,0,0],"34":[0,0,0],"35":[0,0,0],"36":[0,0,0],"37":[0,0],"38":[0,0],"39":[0,0],"40":[0,0],"41":[0,0],"42":[0,0],"43":[0,0],"44":[0,0],"45":[0,0],"46":[0,0],"47":[1,1,1,1],"48":[0,0],"49":[0,0],"50":[0,0],"51":[0,0],"52":[0,0,0],"53":[0,0],"54":[0,0],"55":[0,0],"56":[0,0],"57":[0,0],"58":[0,0],"59":[0,0],"60":[0,0],"61":[0,0],"62":[0,0],"63":[0,0],"64":[0,0],"65":[0,0],"66":[0,0],"67":[0,0],"68":[0,0],"69":[1,0,0],"70":[0,0],"71":[0,0],"72":[0,0],"73":[0,0],"74":[0,0],"75":[0,0],"76":[1,0,0],"77":[0,0],"78":[6,0],"79":[6,1],"80":[1,0,0],"81":[1,0,0],"82":[0,4],"83":[0,0],"84":[1,0],"85":[0,0],"86":[0,0],"87":[0,0],"88":[0,0],"89":[0,0],"90":[0,0],"91":[0,0],"92":[0,0],"93":[0,0],"94":[0,0],"95":[0,0],"96":[0,0],"97":[1,0,0],"98":[0,0],"99":[0,0],"100":[0,0],"101":[0,0],"102":[0,0],"103":[0,0],"104":[1,0,0],"105":[0,0],"106":[0,0],"107":[0,0],"108":[0,0],"109":[0,0],"110":[0,0],"111":[0,0],"112":[0,0],"113":[0,0],"114":[0,0],"115":[0,0],"116":[0,0],"117":[0,0],"118":[0,0],"119":[0,0],"120":[0,0],"121":[0,0],"122":[0,0],"123":[0,0],"124":[0,0],"125":[0,0],"126":[0,0],"127":[0,0],"128":[0,0],"129":[0,0],"130":[0,0],"131":[0,0],"132":[0,0],"133":[0,0],"134":[0,0],"135":[0,0],"136":[0,0],"137":[0,0],"138":[0,0],"139":[0,0],"140":[0,0],"141":[0,0],"142":[0,0],"143":[0,0],"144":[0,0],"145":[0,0],"146":[0,0],"147":[0,0],"148":[0,0],"149":[0,0],"150":[0,0],"151":[0,0],"152":[0,0],"153":[0,0,0],"154":[1,0,0],"155":[0,0],"156":[0,0],"157":[0,0],"158":[0,0],"159":[0,0],"160":[0,0,0],"161":[0,0],"162":[0,0],"163":[0,0],"164":[0,0,0],"165":[0,0],"166":[0,0],"167":[0,0],"168":[0,0],"169":[0,0],"170":[0,0],"171":[0,0],"172":[0,0],"173":[0,0],"174":[0,0],"175":[0,0],"176":[0,0],"177":[0,0],"178":[0,0],"179":[0,0],"180":[0,0],"181":[0,0],"182":[0,0],"183":[0,0,0],"184":[0,0],"185":[0,0],"186":[0,0],"187":[0,0],"188":[0,0],"189":[0,0],"190":[0,0],"191":[0,0],"192":[0,0,0],"193":[0,0,0],"194":[0,0],"195":[0,0],"196":[1,0,0],"197":[1,0,0],"198":[0,0],"199":[0,0,0],"200":[0,0],"201":[0,0],"202":[0,0],"203":[0,0],"204":[0,0],"205":[0,0],"206":[0,0],"207":[0,0],"208":[0,0],"209":[0,0],"210":[0,0],"211":[0,0],"212":[0,0],"213":[0,0],"214":[0,0],"215":[0,0],"216":[0,0],"217":[0,0,0],"218":[0,0],"219":[1,0,0],"220":[0,0],"221":[0,0],"222":[0,0],"223":[0,0],"224":[0,0],"225":[0,0],"226":[0,0],"227":[0,0],"228":[0,0],"229":[0,0],"230":[0,0],"231":[0,0],"232":[0,0],"233":[0,0],"234":[0,0],"235":[0,0],"236":[0,0],"237":[0,0],"238":[0,0],"239":[0,0],"240":[0,0],"241":[0,0],"242":[0,0],"243":[0,0],"244":[0,0],"245":[0,0],"246":[0,0],"247":[0,0],"248":[0,0,0,0,0],"249":[0,0],"250":[0,0],"251":[0,0],"252":[0,0,0],"253":[0,0],"254":[0,0],"255":[0,0],"256":[0,0],"257":[0,0],"258":[0,0],"259":[0,0],"260":[0,0],"261":[0,0],"262":[0,0],"263":[0,0],"264":[0,0],"265":[0,0],"266":[0,0],"267":[0,0],"268":[0,0],"269":[0,0],"270":[0,0],"271":[0,0],"272":[0,0],"273":[0,0],"274":[0,0],"275":[0,0],"276":[0,0],"277":[0,0],"278":[0,0],"279":[0,0],"280":[0,0],"281":[0,0],"282":[0,0],"283":[0,0],"284":[0,0],"285":[0,0],"286":[0,0],"287":[0,0],"288":[0,0],"289":[0,0],"290":[0,0],"291":[0,0],"292":[0,0],"293":[0,0],"294":[0,0],"295":[0,0],"296":[0,0,0],"297":[0,0,0,0],"298":[0,0],"299":[0,0],"300":[0,0],"301":[0,0],"302":[0,0],"303":[0,0],"304":[0,0],"305":[0,0],"306":[0,0],"307":[0,0],"308":[0,0],"309":[0,0],"310":[0,0],"311":[0,0],"312":[0,0],"313":[0,0,0],"314":[0,0],"315":[0,0],"316":[0,0],"317":[0,0],"318":[0,0],"319":[0,0],"320":[0,0,0,0],"321":[0,0],"322":[0,0],"323":[0,0],"324":[0,0],"325":[0,0],"326":[0,0],"327":[0,0],"328":[0,0],"329":[0,0],"330":[0,0],"331":[0,0],"332":[0,0],"333":[0,0],"334":[0,0],"335":[0,0],"336":[0,0],"337":[0,0],"338":[0,0],"339":[0,0],"340":[0,0],"341":[0,0],"342":[0,0],"343":[0,0],"344":[0,0],"345":[0,0],"346":[0,0],"347":[0,0],"348":[0,0],"349":[0,0,0,0],"350":[0,0],"351":[0,0],"352":[0,0],"353":[0,0],"354":[0,0],"355":[0,0],"356":[0,0],"357":[0,0],"358":[0,0],"359":[0,0],"360":[0,0],"361":[0,0],"362":[0,0],"363":[0,0],"364":[0,0],"365":[0,0],"366":[0,0],"367":[0,0],"368":[0,0],"369":[0,0],"370":[0,0],"371":[0,0],"372":[0,0],"373":[0,0],"374":[1,0,0],"375":[0,0],"376":[1,0,0],"377":[0,0],"378":[0,0],"379":[0,0],"380":[0,0],"381":[0,0],"382":[0,0],"383":[0,0],"384":[0,0],"385":[0,0],"386":[0,0],"387":[0,0],"388":[0,0],"389":[0,0],"390":[0,0],"391":[0,0],"392":[0,0],"393":[0,0],"394":[0,0],"395":[0,0],"396":[0,0],"397":[0,0],"398":[0,0],"399":[0,0],"400":[0,0],"401":[0,0,0],"402":[0,0],"403":[0,0],"404":[0,0],"405":[0,0],"406":[0,0],"407":[0,0],"408":[0,0],"409":[0,0],"410":[0,0],"411":[0,0],"412":[0,0],"413":[0,0],"414":[0,0],"415":[0,0],"416":[0,0],"417":[0,0],"418":[0,0,0],"419":[0,0],"420":[0,0],"421":[0,0],"422":[0,0],"423":[0,0],"424":[0,0],"425":[0,0],"426":[0,0],"427":[0,0],"428":[0,0],"429":[0,0],"430":[0,0],"431":[0,0],"432":[0,0],"433":[0,0,0],"434":[0,0],"435":[0,0],"436":[0,0],"437":[0,0],"438":[0,0],"439":[0,0],"440":[0,0],"441":[0,0],"442":[0,0],"443":[0,0],"444":[0,0],"445":[0,0],"446":[0,0],"447":[0,0],"448":[0,0],"449":[0,0],"450":[0,0],"451":[0,0],"452":[0,0],"453":[0,0],"454":[0,0],"455":[0,0],"456":[0,0],"457":[0,0],"458":[0,0],"459":[0,0],"460":[0,0],"461":[0,0],"462":[0,0],"463":[0,0],"464":[0,0],"465":[0,0],"466":[0,0],"467":[0,0],"468":[0,0],"469":[0,0],"470":[0,0],"471":[0,0],"472":[0,0],"473":[0,0],"474":[0,0],"475":[0,0],"476":[0,0],"477":[0,0],"478":[0,0],"479":[0,0],"480":[0,0],"481":[0,0],"482":[0,0],"483":[0,0],"484":[0,0],"485":[0,0],"486":[0,0],"487":[0,0],"488":[0,0],"489":[0,0],"490":[0,0],"491":[0,0],"492":[0,0],"493":[0,0],"494":[0,0],"495":[0,0],"496":[0,0],"497":[0,0],"498":[0,0],"499":[0,0,0],"500":[0,0],"501":[0,0],"502":[0,0],"503":[0,0],"504":[0,0,0],"505":[0,0],"506":[0,0],"507":[0,0],"508":[0,0],"509":[0,0],"510":[0,0],"511":[0,0],"512":[0,0],"513":[0,0],"514":[0,0],"515":[0,0],"516":[0,0],"517":[0,0],"518":[0,0],"519":[0,0],"520":[0,0],"521":[0,0],"522":[0,0],"523":[0,0],"524":[0,0],"525":[0,0],"526":[0,0],"527":[0,0],"528":[0,0],"529":[0,0],"530":[0,0],"531":[0,0],"532":[0,0],"533":[0,0],"534":[0,0],"535":[0,0],"536":[0,0],"537":[0,0],"538":[0,0],"539":[0,0],"540":[0,0],"541":[0,0],"542":[0,0],"543":[0,0],"544":[0,0],"545":[0,0],"546":[0,0],"547":[0,0],"548":[0,0],"549":[0,0],"550":[0,0],"551":[0,0],"552":[0,0],"553":[0,0],"554":[0,0],"555":[0,0],"556":[0,0],"557":[0,0],"558":[0,0],"559":[0,0],"560":[0,0],"561":[0,0],"562":[0,0],"563":[0,0],"564":[0,0],"565":[0,0],"566":[0,0],"567":[0,0],"568":[0,0],"569":[0,0],"570":[0,0],"571":[0,0],"572":[0,0],"573":[0,0],"574":[0,0],"575":[0,0],"576":[0,0],"577":[0,0],"578":[0,0],"579":[0,0],"580":[0,0],"581":[0,0],"582":[0,0],"583":[0,0],"584":[0,0],"585":[0,0],"586":[0,0],"587":[0,0],"588":[0,0],"589":[0,0],"590":[0,0],"591":[0,0],"592":[0,0],"593":[0,0,0],"594":[0,0],"595":[0,0],"596":[0,0],"597":[0,0],"598":[0,0],"599":[0,0,0],"600":[0,0],"601":[1,0],"602":[1,1]},"f":{"1":1,"2":1,"3":0,"4":0,"5":0,"6":0,"7":0,"8":28,"9":0,"10":0,"11":0,"12":28,"13":159,"14":28,"15":0,"16":0,"17":0,"18":0,"19":0,"20":0,"21":0,"22":0,"23":0,"24":1,"25":0,"26":0,"27":0,"28":1,"29":0,"30":0,"31":0,"32":0,"33":0,"34":0,"35":0,"36":0,"37":0,"38":0,"39":0,"40":0,"41":0,"42":0,"43":0,"44":0,"45":0,"46":0,"47":1,"48":0,"49":0,"50":0,"51":0,"52":0,"53":0,"54":0,"55":0,"56":0,"57":0,"58":0,"59":0,"60":0,"61":1,"62":0,"63":0,"64":12,"65":6,"66":0,"67":6,"68":0,"69":1,"70":4,"71":0,"72":1,"73":4,"74":6,"75":0,"76":1,"77":0,"78":0,"79":0,"80":0,"81":0,"82":0,"83":0,"84":0,"85":1,"86":0,"87":6,"88":0,"89":6,"90":0,"91":0,"92":1,"93":0,"94":0,"95":0,"96":0,"97":0,"98":0,"99":0,"100":0,"101":0,"102":0,"103":0,"104":0,"105":0,"106":0,"107":0,"108":0,"109":0,"110":0,"111":0,"112":0,"113":6,"114":0,"115":0,"116":0,"117":0,"118":0,"119":0,"120":0,"121":1,"122":0,"123":6,"124":0,"125":0,"126":0,"127":0,"128":0,"129":0,"130":0,"131":0,"132":0,"133":0,"134":0,"135":0,"136":1,"137":0,"138":0,"139":1,"140":0,"141":0,"142":0,"143":0,"144":0,"145":0,"146":0,"147":0,"148":0,"149":0,"150":0,"151":0,"152":0,"153":0,"154":0,"155":0,"156":1,"157":0,"158":0,"159":0,"160":0,"161":0,"162":0,"163":0,"164":0,"165":0,"166":0,"167":0,"168":0,"169":0,"170":0,"171":0,"172":0,"173":0,"174":0,"175":0,"176":0,"177":0,"178":0,"179":0,"180":0,"181":0,"182":0,"183":0,"184":0,"185":0,"186":0,"187":0,"188":0,"189":0,"190":0,"191":0,"192":0,"193":0,"194":0,"195":0,"196":0,"197":0,"198":0,"199":0,"200":0,"201":0,"202":0,"203":0,"204":0,"205":0,"206":0,"207":0,"208":0,"209":0,"210":0,"211":0,"212":0,"213":1,"214":0,"215":0,"216":0,"217":0,"218":0,"219":1,"220":0,"221":0,"222":0,"223":0,"224":0,"225":0,"226":0,"227":0,"228":0,"229":0,"230":0,"231":0,"232":0,"233":0,"234":0,"235":0,"236":0,"237":0,"238":0,"239":0,"240":0,"241":0,"242":0,"243":0,"244":0,"245":0,"246":0,"247":0,"248":0,"249":0,"250":0,"251":0,"252":0,"253":0,"254":0,"255":0,"256":0,"257":0,"258":0,"259":0,"260":0,"261":0,"262":0,"263":0,"264":0,"265":0,"266":0,"267":0,"268":0,"269":0,"270":0,"271":0,"272":0},"fnMap":{"1":{"name":"(anonymous_1)","line":15,"loc":{"start":{"line":15,"column":1},"end":{"line":15,"column":12}}},"2":{"name":"(anonymous_2)","line":16,"loc":{"start":{"line":16,"column":1},"end":{"line":16,"column":12}}},"3":{"name":"(anonymous_3)","line":16,"loc":{"start":{"line":16,"column":31},"end":{"line":16,"column":41}}},"4":{"name":"(anonymous_4)","line":16,"loc":{"start":{"line":16,"column":117},"end":{"line":16,"column":128}}},"5":{"name":"(anonymous_5)","line":16,"loc":{"start":{"line":16,"column":147},"end":{"line":16,"column":157}}},"6":{"name":"(anonymous_6)","line":16,"loc":{"start":{"line":16,"column":263},"end":{"line":16,"column":274}}},"7":{"name":"(anonymous_7)","line":16,"loc":{"start":{"line":16,"column":392},"end":{"line":16,"column":405}}},"8":{"name":"(anonymous_8)","line":16,"loc":{"start":{"line":16,"column":701},"end":{"line":16,"column":712}}},"9":{"name":"(anonymous_9)","line":16,"loc":{"start":{"line":16,"column":842},"end":{"line":16,"column":852}}},"10":{"name":"(anonymous_10)","line":16,"loc":{"start":{"line":16,"column":1116},"end":{"line":16,"column":1127}}},"11":{"name":"(anonymous_11)","line":16,"loc":{"start":{"line":16,"column":1250},"end":{"line":16,"column":1260}}},"12":{"name":"(anonymous_12)","line":16,"loc":{"start":{"line":16,"column":1355},"end":{"line":16,"column":1368}}},"13":{"name":"(anonymous_13)","line":16,"loc":{"start":{"line":16,"column":1387},"end":{"line":16,"column":1398}}},"14":{"name":"(anonymous_14)","line":16,"loc":{"start":{"line":16,"column":1681},"end":{"line":16,"column":1696}}},"15":{"name":"(anonymous_15)","line":16,"loc":{"start":{"line":16,"column":1764},"end":{"line":16,"column":1775}}},"16":{"name":"(anonymous_16)","line":16,"loc":{"start":{"line":16,"column":1816},"end":{"line":16,"column":1827}}},"17":{"name":"(anonymous_17)","line":16,"loc":{"start":{"line":16,"column":1861},"end":{"line":16,"column":1872}}},"18":{"name":"(anonymous_18)","line":16,"loc":{"start":{"line":16,"column":1901},"end":{"line":16,"column":1914}}},"19":{"name":"(anonymous_19)","line":16,"loc":{"start":{"line":16,"column":1977},"end":{"line":16,"column":1990}}},"20":{"name":"(anonymous_20)","line":16,"loc":{"start":{"line":16,"column":2117},"end":{"line":16,"column":2130}}},"21":{"name":"(anonymous_21)","line":16,"loc":{"start":{"line":16,"column":2258},"end":{"line":16,"column":2271}}},"22":{"name":"(anonymous_22)","line":16,"loc":{"start":{"line":16,"column":2439},"end":{"line":16,"column":2452}}},"23":{"name":"(anonymous_23)","line":16,"loc":{"start":{"line":16,"column":2621},"end":{"line":16,"column":2634}}},"24":{"name":"(anonymous_24)","line":16,"loc":{"start":{"line":16,"column":2812},"end":{"line":16,"column":2823}}},"25":{"name":"(anonymous_25)","line":16,"loc":{"start":{"line":16,"column":2831},"end":{"line":16,"column":2841}}},"26":{"name":"(anonymous_26)","line":16,"loc":{"start":{"line":16,"column":2868},"end":{"line":16,"column":2879}}},"27":{"name":"(anonymous_27)","line":16,"loc":{"start":{"line":16,"column":2900},"end":{"line":16,"column":2913}}},"28":{"name":"(anonymous_28)","line":16,"loc":{"start":{"line":16,"column":3153},"end":{"line":16,"column":3164}}},"29":{"name":"(anonymous_29)","line":16,"loc":{"start":{"line":16,"column":3184},"end":{"line":16,"column":3195}}},"30":{"name":"(anonymous_30)","line":16,"loc":{"start":{"line":16,"column":3241},"end":{"line":16,"column":3254}}},"31":{"name":"(anonymous_31)","line":16,"loc":{"start":{"line":16,"column":3278},"end":{"line":16,"column":3289}}},"32":{"name":"(anonymous_32)","line":16,"loc":{"start":{"line":16,"column":3342},"end":{"line":16,"column":3352}}},"33":{"name":"(anonymous_33)","line":16,"loc":{"start":{"line":16,"column":3420},"end":{"line":16,"column":3433}}},"34":{"name":"(anonymous_34)","line":16,"loc":{"start":{"line":16,"column":3531},"end":{"line":16,"column":3542}}},"35":{"name":"(anonymous_35)","line":16,"loc":{"start":{"line":16,"column":3642},"end":{"line":16,"column":3652}}},"36":{"name":"(anonymous_36)","line":16,"loc":{"start":{"line":16,"column":3709},"end":{"line":16,"column":3719}}},"37":{"name":"(anonymous_37)","line":16,"loc":{"start":{"line":16,"column":3799},"end":{"line":16,"column":3809}}},"38":{"name":"(anonymous_38)","line":16,"loc":{"start":{"line":16,"column":3907},"end":{"line":16,"column":3918}}},"39":{"name":"(anonymous_39)","line":16,"loc":{"start":{"line":16,"column":4028},"end":{"line":16,"column":4041}}},"40":{"name":"(anonymous_40)","line":16,"loc":{"start":{"line":16,"column":4148},"end":{"line":16,"column":4159}}},"41":{"name":"(anonymous_41)","line":16,"loc":{"start":{"line":16,"column":4208},"end":{"line":16,"column":4221}}},"42":{"name":"(anonymous_42)","line":16,"loc":{"start":{"line":16,"column":4349},"end":{"line":16,"column":4360}}},"43":{"name":"(anonymous_43)","line":16,"loc":{"start":{"line":16,"column":4483},"end":{"line":16,"column":4493}}},"44":{"name":"(anonymous_44)","line":16,"loc":{"start":{"line":16,"column":4619},"end":{"line":16,"column":4630}}},"45":{"name":"(anonymous_45)","line":16,"loc":{"start":{"line":16,"column":4878},"end":{"line":16,"column":4888}}},"46":{"name":"(anonymous_46)","line":16,"loc":{"start":{"line":16,"column":4915},"end":{"line":16,"column":4928}}},"47":{"name":"(anonymous_47)","line":16,"loc":{"start":{"line":16,"column":4991},"end":{"line":16,"column":5002}}},"48":{"name":"(anonymous_48)","line":16,"loc":{"start":{"line":16,"column":5063},"end":{"line":16,"column":5073}}},"49":{"name":"(anonymous_49)","line":16,"loc":{"start":{"line":16,"column":5107},"end":{"line":16,"column":5118}}},"50":{"name":"(anonymous_50)","line":16,"loc":{"start":{"line":16,"column":5217},"end":{"line":16,"column":5227}}},"51":{"name":"(anonymous_51)","line":16,"loc":{"start":{"line":16,"column":5253},"end":{"line":16,"column":5264}}},"52":{"name":"(anonymous_52)","line":16,"loc":{"start":{"line":16,"column":5317},"end":{"line":16,"column":5328}}},"53":{"name":"(anonymous_53)","line":16,"loc":{"start":{"line":16,"column":5450},"end":{"line":16,"column":5460}}},"54":{"name":"(anonymous_54)","line":16,"loc":{"start":{"line":16,"column":5489},"end":{"line":16,"column":5502}}},"55":{"name":"(anonymous_55)","line":16,"loc":{"start":{"line":16,"column":5554},"end":{"line":16,"column":5567}}},"56":{"name":"(anonymous_56)","line":16,"loc":{"start":{"line":16,"column":5615},"end":{"line":16,"column":5625}}},"57":{"name":"(anonymous_57)","line":16,"loc":{"start":{"line":16,"column":5669},"end":{"line":16,"column":5680}}},"58":{"name":"(anonymous_58)","line":16,"loc":{"start":{"line":16,"column":5720},"end":{"line":16,"column":5730}}},"59":{"name":"(anonymous_59)","line":16,"loc":{"start":{"line":16,"column":5757},"end":{"line":16,"column":5768}}},"60":{"name":"(anonymous_60)","line":16,"loc":{"start":{"line":16,"column":5824},"end":{"line":16,"column":5835}}},"61":{"name":"(anonymous_61)","line":16,"loc":{"start":{"line":16,"column":5952},"end":{"line":16,"column":5963}}},"62":{"name":"(anonymous_62)","line":16,"loc":{"start":{"line":16,"column":6007},"end":{"line":16,"column":6018}}},"63":{"name":"(anonymous_63)","line":16,"loc":{"start":{"line":16,"column":6125},"end":{"line":16,"column":6128}}},"64":{"name":"(anonymous_64)","line":16,"loc":{"start":{"line":16,"column":6165},"end":{"line":16,"column":6167}}},"65":{"name":"(anonymous_65)","line":16,"loc":{"start":{"line":16,"column":6224},"end":{"line":16,"column":6226}}},"66":{"name":"(anonymous_66)","line":16,"loc":{"start":{"line":16,"column":6261},"end":{"line":16,"column":6271}}},"67":{"name":"(anonymous_67)","line":16,"loc":{"start":{"line":16,"column":6305},"end":{"line":16,"column":6318}}},"68":{"name":"(anonymous_68)","line":16,"loc":{"start":{"line":16,"column":6366},"end":{"line":16,"column":6376}}},"69":{"name":"(anonymous_69)","line":16,"loc":{"start":{"line":16,"column":6971},"end":{"line":16,"column":6982}}},"70":{"name":"(anonymous_70)","line":16,"loc":{"start":{"line":16,"column":7067},"end":{"line":16,"column":7077}}},"71":{"name":"(anonymous_71)","line":16,"loc":{"start":{"line":16,"column":7173},"end":{"line":16,"column":7183}}},"72":{"name":"(anonymous_72)","line":16,"loc":{"start":{"line":16,"column":7259},"end":{"line":16,"column":7270}}},"73":{"name":"(anonymous_73)","line":16,"loc":{"start":{"line":16,"column":7304},"end":{"line":16,"column":7321}}},"74":{"name":"(anonymous_74)","line":16,"loc":{"start":{"line":16,"column":7427},"end":{"line":16,"column":7429}}},"75":{"name":"(anonymous_75)","line":16,"loc":{"start":{"line":16,"column":7474},"end":{"line":16,"column":7484}}},"76":{"name":"(anonymous_76)","line":16,"loc":{"start":{"line":16,"column":7820},"end":{"line":16,"column":7831}}},"77":{"name":"(anonymous_77)","line":16,"loc":{"start":{"line":16,"column":7937},"end":{"line":16,"column":7950}}},"78":{"name":"(anonymous_78)","line":16,"loc":{"start":{"line":16,"column":8164},"end":{"line":16,"column":8174}}},"79":{"name":"(anonymous_79)","line":16,"loc":{"start":{"line":16,"column":8362},"end":{"line":16,"column":8375}}},"80":{"name":"(anonymous_80)","line":16,"loc":{"start":{"line":16,"column":8421},"end":{"line":16,"column":8431}}},"81":{"name":"(anonymous_81)","line":16,"loc":{"start":{"line":16,"column":8566},"end":{"line":16,"column":8577}}},"82":{"name":"(anonymous_82)","line":16,"loc":{"start":{"line":16,"column":8746},"end":{"line":16,"column":8757}}},"83":{"name":"(anonymous_83)","line":16,"loc":{"start":{"line":16,"column":8916},"end":{"line":16,"column":8927}}},"84":{"name":"(anonymous_84)","line":16,"loc":{"start":{"line":16,"column":9049},"end":{"line":16,"column":9060}}},"85":{"name":"(anonymous_85)","line":16,"loc":{"start":{"line":16,"column":9163},"end":{"line":16,"column":9174}}},"86":{"name":"(anonymous_86)","line":16,"loc":{"start":{"line":16,"column":9218},"end":{"line":16,"column":9233}}},"87":{"name":"(anonymous_87)","line":16,"loc":{"start":{"line":16,"column":9445},"end":{"line":16,"column":9447}}},"88":{"name":"(anonymous_88)","line":16,"loc":{"start":{"line":16,"column":9469},"end":{"line":16,"column":9472}}},"89":{"name":"(anonymous_89)","line":16,"loc":{"start":{"line":16,"column":9529},"end":{"line":16,"column":9531}}},"90":{"name":"(anonymous_90)","line":16,"loc":{"start":{"line":16,"column":9553},"end":{"line":16,"column":9556}}},"91":{"name":"(anonymous_91)","line":16,"loc":{"start":{"line":16,"column":9617},"end":{"line":16,"column":9627}}},"92":{"name":"(anonymous_92)","line":16,"loc":{"start":{"line":16,"column":9700},"end":{"line":16,"column":9711}}},"93":{"name":"(anonymous_93)","line":16,"loc":{"start":{"line":16,"column":9760},"end":{"line":16,"column":9775}}},"94":{"name":"(anonymous_94)","line":16,"loc":{"start":{"line":16,"column":10046},"end":{"line":16,"column":10059}}},"95":{"name":"(anonymous_95)","line":16,"loc":{"start":{"line":16,"column":10310},"end":{"line":16,"column":10321}}},"96":{"name":"(anonymous_96)","line":16,"loc":{"start":{"line":16,"column":10370},"end":{"line":16,"column":10383}}},"97":{"name":"(anonymous_97)","line":16,"loc":{"start":{"line":16,"column":10411},"end":{"line":16,"column":10421}}},"98":{"name":"(anonymous_98)","line":16,"loc":{"start":{"line":16,"column":10649},"end":{"line":16,"column":10660}}},"99":{"name":"(anonymous_99)","line":16,"loc":{"start":{"line":16,"column":10844},"end":{"line":16,"column":10855}}},"100":{"name":"(anonymous_100)","line":16,"loc":{"start":{"line":16,"column":10989},"end":{"line":16,"column":11000}}},"101":{"name":"(anonymous_101)","line":16,"loc":{"start":{"line":16,"column":11137},"end":{"line":16,"column":11148}}},"102":{"name":"(anonymous_102)","line":16,"loc":{"start":{"line":16,"column":11359},"end":{"line":16,"column":11376}}},"103":{"name":"(anonymous_103)","line":16,"loc":{"start":{"line":16,"column":11563},"end":{"line":16,"column":11576}}},"104":{"name":"(anonymous_104)","line":16,"loc":{"start":{"line":16,"column":11630},"end":{"line":16,"column":11647}}},"105":{"name":"(anonymous_105)","line":16,"loc":{"start":{"line":16,"column":11952},"end":{"line":16,"column":11965}}},"106":{"name":"(anonymous_106)","line":16,"loc":{"start":{"line":16,"column":12020},"end":{"line":16,"column":12030}}},"107":{"name":"(anonymous_107)","line":16,"loc":{"start":{"line":16,"column":12151},"end":{"line":16,"column":12162}}},"108":{"name":"(anonymous_108)","line":16,"loc":{"start":{"line":16,"column":12261},"end":{"line":16,"column":12278}}},"109":{"name":"(anonymous_109)","line":16,"loc":{"start":{"line":16,"column":12492},"end":{"line":16,"column":12505}}},"110":{"name":"(anonymous_110)","line":16,"loc":{"start":{"line":16,"column":12703},"end":{"line":16,"column":12716}}},"111":{"name":"(anonymous_111)","line":16,"loc":{"start":{"line":16,"column":12768},"end":{"line":16,"column":12779}}},"112":{"name":"(anonymous_112)","line":16,"loc":{"start":{"line":16,"column":12913},"end":{"line":16,"column":12924}}},"113":{"name":"(anonymous_113)","line":16,"loc":{"start":{"line":16,"column":12968},"end":{"line":16,"column":12970}}},"114":{"name":"(anonymous_114)","line":16,"loc":{"start":{"line":16,"column":13007},"end":{"line":16,"column":13017}}},"115":{"name":"(anonymous_115)","line":16,"loc":{"start":{"line":16,"column":13153},"end":{"line":16,"column":13166}}},"116":{"name":"(anonymous_116)","line":16,"loc":{"start":{"line":16,"column":13209},"end":{"line":16,"column":13220}}},"117":{"name":"(anonymous_117)","line":16,"loc":{"start":{"line":16,"column":13328},"end":{"line":16,"column":13341}}},"118":{"name":"(anonymous_118)","line":16,"loc":{"start":{"line":16,"column":13366},"end":{"line":16,"column":13379}}},"119":{"name":"(anonymous_119)","line":16,"loc":{"start":{"line":16,"column":13405},"end":{"line":16,"column":13418}}},"120":{"name":"(anonymous_120)","line":16,"loc":{"start":{"line":16,"column":13445},"end":{"line":16,"column":13458}}},"121":{"name":"(anonymous_121)","line":16,"loc":{"start":{"line":16,"column":13517},"end":{"line":16,"column":13528}}},"122":{"name":"(anonymous_122)","line":16,"loc":{"start":{"line":16,"column":13585},"end":{"line":16,"column":13598}}},"123":{"name":"(anonymous_123)","line":16,"loc":{"start":{"line":16,"column":13745},"end":{"line":16,"column":13747}}},"124":{"name":"(anonymous_124)","line":16,"loc":{"start":{"line":16,"column":13801},"end":{"line":16,"column":13811}}},"125":{"name":"(anonymous_125)","line":16,"loc":{"start":{"line":16,"column":13927},"end":{"line":16,"column":13942}}},"126":{"name":"(anonymous_126)","line":16,"loc":{"start":{"line":16,"column":14132},"end":{"line":16,"column":14142}}},"127":{"name":"(anonymous_127)","line":16,"loc":{"start":{"line":16,"column":14197},"end":{"line":16,"column":14207}}},"128":{"name":"(anonymous_128)","line":16,"loc":{"start":{"line":16,"column":14308},"end":{"line":16,"column":14318}}},"129":{"name":"(anonymous_129)","line":16,"loc":{"start":{"line":16,"column":14373},"end":{"line":16,"column":14383}}},"130":{"name":"(anonymous_130)","line":16,"loc":{"start":{"line":16,"column":14486},"end":{"line":16,"column":14501}}},"131":{"name":"(anonymous_131)","
[...]
+=\"[\"+this._stayPlusErrorVars+\"]\",a+=\"\\n_stayMinusErrorVars: \",a+=\"[\"+this._stayMinusErrorVars+\"]\",a+=\"\\n\",a+=\"_editVarMap:\\n\"+this._editVarMap,a+=\"\\n\"},getConstraintMap:function(){return this._markerVars},addWithArtificialVariable:function(b){a.trace&&a.fnenterprint(\"addWithArtificialVariable: \"+b);var c=new a.SlackVariable({value:++this._artificialCounter,prefix:\"a\"}),d=new a.ObjectiveVariable({name:\"az\"}),e=b.clone();a.trace&&a.traceprint(\"before addRows:\\n\"+this),this.addRow(d,e),this.addRow(c,b),a.trace&&a.traceprint(\"after addRows:\\n\"+this),this.optimize(d);var f=this.rows.get(d);if(a.trace&&a.traceprint(\"azTableauRow.constant == \"+f.constant),!a.approx(f.constant,0))throw this.removeRow(d),this.removeColumn(c),new a.RequiredFailure;var g=this.rows.get(c);if(null!=g){if(g.isConstant)return this.removeRow(c),this.removeRow(d),void 0;var h=g.anyPivotableVariable();this.pivot(h,c)}a.assert(null==this.rows.get(c),\"rowExpression(av) == null\"),this.removeColumn(c),this.removeRow(d)},tryAddingDirectly:function(b){a.trace&&a.fnenterprint(\"tryAddingDirectly: \"+b);var c=this.chooseSubject(b);return null==c?(a.trace&&a.fnexitprint(\"returning false\"),!1):(b.newSubject(c),this.columnsHasKey(c)&&this.substituteOut(c,b),this.addRow(c,b),a.trace&&a.fnexitprint(\"returning true\"),!0)},chooseSubject:function(b){a.trace&&a.fnenterprint(\"chooseSubject: \"+b);var c=null,d=!1,e=!1,f=b.terms,g=f.escapingEach(function(a,b){if(d){if(!a.isRestricted&&!this.columnsHasKey(a))return{retval:a}}else if(a.isRestricted){if(!e&&!a.isDummy&&0>b){var f=this.columns.get(a);(null==f||1==f.size&&this.columnsHasKey(this._objective))&&(c=a,e=!0)}}else c=a,d=!0},this);if(g&&void 0!==g.retval)return g.retval;if(null!=c)return c;var h=0,g=f.escapingEach(function(a,b){return a.isDummy?(this.columnsHasKey(a)||(c=a,h=b),void 0):{retval:null}},this);if(g&&void 0!==g.retval)return g.retval;if(!a.approx(b.constant,0))throw new a.RequiredFailure;return h>0&&b.multiplyMe(-1),c},deltaEditConstant:function(b,c,d){a.trace&&a.fnenterprint(\"deltaEditConstant :\"+b+\", \"+c+\", \"+d);var e=this.rows.get(c);if(null!=e)return e.constant+=b,0>e.constant&&this._infeasibleRows.add(c),void 0;var f=this.rows.get(d);if(null!=f)return f.constant+=-b,0>f.constant&&this._infeasibleRows.add(d),void 0;var g=this.columns.get(d);g||console.log(\"columnVars is null -- tableau is:\\n\"+this),g.each(function(a){var c=this.rows.get(a),e=c.coefficientFor(d);c.constant+=e*b,a.isRestricted&&0>c.constant&&this._infeasibleRows.add(a)},this)},dualOptimize:function(){a.trace&&a.fnenterprint(\"dualOptimize:\");for(var b=this.rows.get(this._objective);this._infeasibleRows.size;){var c=this._infeasibleRows.values()[0];this._infeasibleRows.delete(c);var d=null,e=this.rows.get(c);if(e&&0>e.constant){var g,f=Number.MAX_VALUE,h=e.terms;if(h.each(function(c,e){if(e>0&&c.isPivotable){var h=b.coefficientFor(c);g=h/e,(f>g||a.approx(g,f)&&c.hashCode<d.hashCode)&&(d=c,f=g)}}),f==Number.MAX_VALUE)throw new a.InternalError(\"ratio == nil (MAX_VALUE) in dualOptimize\");this.pivot(d,c)}}},newExpression:function(b,c,d){a.trace&&(a.fnenterprint(\"newExpression: \"+b),a.traceprint(\"cn.isInequality == \"+b.isInequality),a.traceprint(\"cn.required == \"+b.required));var e=b.expression,f=new a.Expression(e.constant),g=new a.SlackVariable,h=new a.DummyVariable,i=new a.SlackVariable,j=new a.SlackVariable,k=e.terms;if(k.each(function(a,b){var c=this.rows.get(a);c?f.addExpression(c,b):f.addVariable(a,b)},this),b.isInequality){if(a.trace&&a.traceprint(\"Inequality, adding slack\"),++this._slackCounter,g=new a.SlackVariable({value:this._slackCounter,prefix:\"s\"}),f.setVariable(g,-1),this._markerVars.set(b,g),!b.required){++this._slackCounter,i=new a.SlackVariable({value:this._slackCounter,prefix:\"em\"}),f.setVariable(i,1);","var l=this.rows.get(this._objective);l.setVariable(i,b.strength.symbolicWeight.value*b.weight),this.insertErrorVar(b,i),this.noteAddedVariable(i,this._objective)}}else if(b.required)a.trace&&a.traceprint(\"Equality, required\"),++this._dummyCounter,h=new a.DummyVariable({value:this._dummyCounter,prefix:\"d\"}),f.setVariable(h,1),this._markerVars.set(b,h),a.trace&&a.traceprint(\"Adding dummyVar == d\"+this._dummyCounter);else{a.trace&&a.traceprint(\"Equality, not required\"),++this._slackCounter,j=new a.SlackVariable({value:this._slackCounter,prefix:\"ep\"}),i=new a.SlackVariable({value:this._slackCounter,prefix:\"em\"}),f.setVariable(j,-1),f.setVariable(i,1),this._markerVars.set(b,j);var l=this.rows.get(this._objective);a.trace&&console.log(l);var m=b.strength.symbolicWeight.value*b.weight;0==m&&(a.trace&&a.traceprint(\"cn == \"+b),a.trace&&a.traceprint(\"adding \"+j+\" and \"+i+\" with swCoeff == \"+m)),l.setVariable(j,m),this.noteAddedVariable(j,this._objective),l.setVariable(i,m),this.noteAddedVariable(i,this._objective),this.insertErrorVar(b,i),this.insertErrorVar(b,j),b.isStayConstraint?(this._stayPlusErrorVars.push(j),this._stayMinusErrorVars.push(i)):b.isEditConstraint&&(c[0]=j,c[1]=i,d[0]=e.constant)}return 0>f.constant&&f.multiplyMe(-1),a.trace&&a.fnexitprint(\"returning \"+f),f},optimize:function(b){a.trace&&a.fnenterprint(\"optimize: \"+b),a.trace&&a.traceprint(\"\"+this),this._optimizeCount++;var c=this.rows.get(b);a.assert(null!=c,\"zRow != null\");for(var g,h,e=null,f=null;;){if(g=0,h=c.terms,h.escapingEach(function(a,b){return a.isPivotable&&g>b?(g=b,e=a,{brk:1}):void 0},this),g>=-d)return;a.trace&&console.log(\"entryVar:\",e,\"objectiveCoeff:\",g);var i=Number.MAX_VALUE,j=this.columns.get(e),k=0;if(j.each(function(b){if(a.trace&&a.traceprint(\"Checking \"+b),b.isPivotable){var c=this.rows.get(b),d=c.coefficientFor(e);a.trace&&a.traceprint(\"pivotable, coeff = \"+d),0>d&&(k=-c.constant/d,(i>k||a.approx(k,i)&&b.hashCode<f.hashCode)&&(i=k,f=b))}},this),i==Number.MAX_VALUE)throw new a.InternalError(\"Objective function is unbounded in optimize\");this.pivot(e,f),a.trace&&a.traceprint(\"\"+this)}},pivot:function(b,c){a.trace&&console.log(\"pivot: \",b,c);var d=!1;d&&console.time(\" SimplexSolver::pivot\"),null==b&&console.warn(\"pivot: entryVar == null\"),null==c&&console.warn(\"pivot: exitVar == null\"),d&&console.time(\"  removeRow\");var e=this.removeRow(c);d&&console.timeEnd(\"  removeRow\"),d&&console.time(\"  changeSubject\"),e.changeSubject(c,b),d&&console.timeEnd(\"  changeSubject\"),d&&console.time(\"  substituteOut\"),this.substituteOut(b,e),d&&console.timeEnd(\"  substituteOut\"),d&&console.time(\"  addRow\"),this.addRow(b,e),d&&console.timeEnd(\"  addRow\"),d&&console.timeEnd(\" SimplexSolver::pivot\")},_resetStayConstants:function(){a.trace&&console.log(\"_resetStayConstants\");for(var b=0;this._stayPlusErrorVars.length>b;b++){var c=this.rows.get(this._stayPlusErrorVars[b]);null==c&&(c=this.rows.get(this._stayMinusErrorVars[b])),null!=c&&(c.constant=0)}},_setExternalVariables:function(){a.trace&&a.fnenterprint(\"_setExternalVariables:\"),a.trace&&a.traceprint(\"\"+this),this._externalParametricVars.each(function(b){null!=this.rows.get(b)?a.trace&&console.log(\"Error: variable\"+b+\" in _externalParametricVars is basic\"):b.value=0},this),this._externalRows.each(function(a){var b=this.rows.get(a);a.value!=b.constant&&(a.value=b.constant)},this),this._fNeedsSolving=!1,this.onsolved()},onsolved:function(){},insertErrorVar:function(b,c){a.trace&&a.fnenterprint(\"insertErrorVar:\"+b+\", \"+c);var d=this._errorVars.get(c);d||(d=new a.HashSet,this._errorVars.set(b,d)),d.add(c)}})}(this.c||module.parent.exports||{}),function(a){\"use strict\";a.Timer=a.inherit({initialize:function(){this.isRunning=!1,this._elapsedMs=0},start:function(){return this.isRunning=!0,this._startReading=new Date,this},stop:function(){return this.isRunning=!1,this._elapsedMs+=new Date-this._startReading,this},reset:function(){return this.isRunning=!1,this._elapsedMs=0,this},elapsedTime:function(){return this.isRunning?(this._elapsedMs+(new Date-this._startReading))/1e3:this._elapsedMs/1e3}})}(this.c||module.parent.exports||{}),__cassowary_parser=function(){function a(a){return'\"'+a.replace(/\\\\/g,\"\\\\\\\\\").replace(/\"/g,'\\\\\"').replace(/\\x08/g,\"\\\\b\").replace(/\\t/g,\"\\\\t\").replace(/\\n/g,\"\\\\n\").replace(/\\f/g,\"\\\\f\").replace(/\\r/g,\"\\\\r\").replace(/[\\x00-\\x07\\x0B\\x0E-\\x1F\\x80-\\uFFFF]/g,escape)+'\"'}var b={parse:function(b,c){function k(a){g>e||(e>g&&(g=e,h=[]),h.push(a))}function l(){var a,b,c,d,f;if(d=e,f=e,a=z(),null!==a){if(c=m(),null!==c)for(b=[];null!==c;)b.push(c),c=m();else b=null;null!==b?(c=z(),null!==c?a=[a,b,c]:(a=null,e=f)):(a=null,e=f)}else a=null,e=f;return null!==a&&(a=function(a,b){return b}(d,a[1])),null===a&&(e=d),a}function m(){var a,b,c,d;return c=e,d=e,a=P(),null!==a?(b=s(),null!==b?a=[a,b]:(a=null,e=d)):(a=null,e=d),null!==a&&(a=function(a,b){return b}(c,a[0])),null===a&&(e=c),a}function n(){var a;return b.length>e?(a=b.charAt(e),e++):(a=null,0===f&&k(\"any character\")),a}function o(){var a;return/^[a-zA-Z]/.test(b.charAt(e))?(a=b.charAt(e),e++):(a=null,0===f&&k(\"[a-zA-Z]\")),null===a&&(36===b.charCodeAt(e)?(a=\"$\",e++):(a=null,0===f&&k('\"$\"')),null===a&&(95===b.charCodeAt(e)?(a=\"_\",e++):(a=null,0===f&&k('\"_\"')))),a}function p(){var a;return f++,/^[\\t\\x0B\\f \\xA0\\uFEFF]/.test(b.charAt(e))?(a=b.charAt(e),e++):(a=null,0===f&&k(\"[\\\\t\\\\x0B\\\\f \\\\xA0\\\\uFEFF]\")),f--,0===f&&null===a&&k(\"whitespace\"),a}function q(){var a;return/^[\\n\\r\\u2028\\u2029]/.test(b.charAt(e))?(a=b.charAt(e),e++):(a=null,0===f&&k(\"[\\\\n\\\\r\\\\u2028\\\\u2029]\")),a}function r(){var a;return f++,10===b.charCodeAt(e)?(a=\"\\n\",e++):(a=null,0===f&&k('\"\\\\n\"')),null===a&&(\"\\r\\n\"===b.substr(e,2)?(a=\"\\r\\n\",e+=2):(a=null,0===f&&k('\"\\\\r\\\\n\"')),null===a&&(13===b.charCodeAt(e)?(a=\"\\r\",e++):(a=null,0===f&&k('\"\\\\r\"')),null===a&&(8232===b.charCodeAt(e)?(a=\"\\u2028\",e++):(a=null,0===f&&k('\"\\\\u2028\"')),null===a&&(8233===b.charCodeAt(e)?(a=\"\\u2029\",e++):(a=null,0===f&&k('\"\\\\u2029\"')))))),f--,0===f&&null===a&&k(\"end of line\"),a}function s(){var a,c,d;return d=e,a=z(),null!==a?(59===b.charCodeAt(e)?(c=\";\",e++):(c=null,0===f&&k('\";\"')),null!==c?a=[a,c]:(a=null,e=d)):(a=null,e=d),null===a&&(d=e,a=y(),null!==a?(c=r(),null!==c?a=[a,c]:(a=null,e=d)):(a=null,e=d),null===a&&(d=e,a=z(),null!==a?(c=t(),null!==c?a=[a,c]:(a=null,e=d)):(a=null,e=d))),a}function t(){var a,c;return c=e,f++,b.length>e?(a=b.charAt(e),e++):(a=null,0===f&&k(\"any character\")),f--,null===a?a=\"\":(a=null,e=c),a}function u(){var a;return f++,a=v(),null===a&&(a=x()),f--,0===f&&null===a&&k(\"comment\"),a}function v(){var a,c,d,g,h,i,j;if(h=e,\"/*\"===b.substr(e,2)?(a=\"/*\",e+=2):(a=null,0===f&&k('\"/*\"')),null!==a){for(c=[],i=e,j=e,f++,\"*/\"===b.substr(e,2)?(d=\"*/\",e+=2):(d=null,0===f&&k('\"*/\"')),f--,null===d?d=\"\":(d=null,e=j),null!==d?(g=n(),null!==g?d=[d,g]:(d=null,e=i)):(d=null,e=i);null!==d;)c.push(d),i=e,j=e,f++,\"*/\"===b.substr(e,2)?(d=\"*/\",e+=2):(d=null,0===f&&k('\"*/\"')),f--,null===d?d=\"\":(d=null,e=j),null!==d?(g=n(),null!==g?d=[d,g]:(d=null,e=i)):(d=null,e=i);null!==c?(\"*/\"===b.substr(e,2)?(d=\"*/\",e+=2):(d=null,0===f&&k('\"*/\"')),null!==d?a=[a,c,d]:(a=null,e=h)):(a=null,e=h)}else a=null,e=h;return a}function w(){var a,c,d,g,h,i,j;if(h=e,\"/*\"===b.substr(e,2)?(a=\"/*\",e+=2):(a=null,0===f&&k('\"/*\"')),null!==a){for(c=[],i=e,j=e,f++,\"*/\"===b.substr(e,2)?(d=\"*/\",e+=2):(d=null,0===f&&k('\"*/\"')),null===d&&(d=q()),f--,null===d?d=\"\":(d=null,e=j),null!==d?(g=n(),null!==g?d=[d,g]:(d=null,e=i)):(d=null,e=i);null!==d;)c.push(d),i=e,j=e,f++,\"*/\"===b.substr(e,2)?(d=\"*/\",e+=2):(d=null,0===f&&k('\"*/\"')),null===d&&(d=q()),f--,null===d?d=\"\":(d=null,e=j),null!==d?(g=n(),null!==g?d=[d,g]:(d=null,e=i)):(d=null,e=i);null!==c?(\"*/\"===b.substr(e,2)?(d=\"*/\",e+=2):(d=null,0===f&&k('\"*/\"')),null!==d?a=[a,c,d]:(a=null,e=h)):(a=null,e=h)}else a=null,e=h;return a}function x(){var a,c,d,g,h,i,j;if(h=e,\"//\"===b.substr(e,2)?(a=\"//\",e+=2):(a=null,0===f&&k('\"//\"')),null!==a){for(c=[],i=e,j=e,f++,d=q(),f--,null===d?d=\"\":(d=null,e=j),null!==d?(g=n(),null!==g?d=[d,g]:(d=null,e=i)):(d=null,e=i);null!==d;)c.push(d),i=e,j=e,f++,d=q(),f--,null===d?d=\"\":(d=null,e=j),null!==d?(g=n(),null!==g?d=[d,g]:(d=null,e=i)):(d=null,e=i);null!==c?a=[a,c]:(a=null,e=h)}else a=null,e=h;return a}function y(){var a,b;for(a=[],b=p(),null===b&&(b=w(),null===b&&(b=x()));null!==b;)a.push(b),b=p(),null===b&&(b=w(),null===b&&(b=x()));return a}function z(){var a,b;for(a=[],b=p(),null===b&&(b=r(),null===b&&(b=u()));null!==b;)a.push(b),b=p(),null===b&&(b=r(),null===b&&(b=u()));return a}function A(){var a,b;return b=e,a=C(),null===a&&(a=B()),null!==a&&(a=function(a,b){return{type:\"NumericLiteral\",value:b}}(b,a)),null===a&&(e=b),a}function B(){var a,c,d;if(d=e,/^[0-9]/.test(b.charAt(e))?(c=b.charAt(e),e++):(c=null,0===f&&k(\"[0-9]\")),null!==c)for(a=[];null!==c;)a.push(c),/^[0-9]/.test(b.charAt(e))?(c=b.charAt(e),e++):(c=null,0===f&&k(\"[0-9]\"));else a=null;return null!==a&&(a=function(a,b){return parseInt(b.join(\"\"))}(d,a)),null===a&&(e=d),a}function C(){var a,c,d,g,h;return g=e,h=e,a=B(),null!==a?(46===b.charCodeAt(e)?(c=\".\",e++):(c=null,0===f&&k('\".\"')),null!==c?(d=B(),null!==d?a=[a,c,d]:(a=null,e=h)):(a=null,e=h)):(a=null,e=h),null!==a&&(a=function(a,b){return parseFloat(b.join(\"\"))}(g,a)),null===a&&(e=g),a}function D(){var a,c,d,g;if(g=e,/^[\\-+]/.test(b.charAt(e))?(a=b.charAt(e),e++):(a=null,0===f&&k(\"[\\\\-+]\")),a=null!==a?a:\"\",null!==a){if(/^[0-9]/.test(b.charAt(e))?(d=b.charAt(e),e++):(d=null,0===f&&k(\"[0-9]\")),null!==d)for(c=[];null!==d;)c.push(d),/^[0-9]/.test(b.charAt(e))?(d=b.charAt(e),e++):(d=null,0===f&&k(\"[0-9]\"));else c=null;null!==c?a=[a,c]:(a=null,e=g)}else a=null,e=g;return a}function E(){var a,b;return f++,b=e,a=F(),null!==a&&(a=function(a,b){return b}(b,a)),null===a&&(e=b),f--,0===f&&null===a&&k(\"identifier\"),a}function F(){var a,b,c,d,g;if(f++,d=e,g=e,a=o(),null!==a){for(b=[],c=o();null!==c;)b.push(c),c=o();null!==b?a=[a,b]:(a=null,e=g)}else a=null,e=g;return null!==a&&(a=function(a,b,c){return b+c.join(\"\")}(d,a[0],a[1])),null===a&&(e=d),f--,0===f&&null===a&&k(\"identifier\"),a}function G(){var a,c,d,g,h,i,j;return i=e,a=E(),null!==a&&(a=function(a,b){return{type:\"Variable\",name:b}}(i,a)),null===a&&(e=i),null===a&&(a=A(),null===a&&(i=e,j=e,40===b.charCodeAt(e)?(a=\"(\",e++):(a=null,0===f&&k('\"(\"')),null!==a?(c=z(),null!==c?(d=P(),null!==d?(g=z(),null!==g?(41===b.charCodeAt(e)?(h=\")\",e++):(h=null,0===f&&k('\")\"')),null!==h?a=[a,c,d,g,h]:(a=null,e=j)):(a=null,e=j)):(a=null,e=j)):(a=null,e=j)):(a=null,e=j),null!==a&&(a=function(a,b){return b}(i,a[2])),null===a&&(e=i))),a}function H(){var a,b,c,d,f;return a=G(),null===a&&(d=e,f=e,a=I(),null!==a?(b=z(),null!==b?(c=H(),null!==c?a=[a,b,c]:(a=null,e=f)):(a=null,e=f)):(a=null,e=f),null!==a&&(a=function(a,b,c){return{type:\"UnaryExpression\",operator:b,expression:c}}(d,a[0],a[2])),null===a&&(e=d)),a}function I(){var a;return 43===b.charCodeAt(e)?(a=\"+\",e++):(a=null,0===f&&k('\"+\"')),null===a&&(45===b.charCodeAt(e)?(a=\"-\",e++):(a=null,0===f&&k('\"-\"')),null===a&&(33===b.charCodeAt(e)?(a=\"!\",e++):(a=null,0===f&&k('\"!\"')))),a}function J(){var a,b,c,d,f,g,h,i,j;if(h=e,i=e,a=H(),null!==a){for(b=[],j=e,c=z(),null!==c?(d=K(),null!==d?(f=z(),null!==f?(g=H(),null!==g?c=[c,d,f,g]:(c=null,e=j)):(c=null,e=j)):(c=null,e=j)):(c=null,e=j);null!==c;)b.push(c),j=e,c=z(),null!==c?(d=K(),null!==d?(f=z(),null!==f?(g=H(),null!==g?c=[c,d,f,g]:(c=null,e=j)):(c=null,e=j)):(c=null,e=j)):(c=null,e=j);null!==b?a=[a,b]:(a=null,e=i)}else a=null,e=i;return null!==a&&(a=function(a,b,c){for(var d=b,e=0;c.length>e;e++)d={type:\"MultiplicativeExpression\",operator:c[e][1],left:d,right:c[e][3]};return d}(h,a[0],a[1])),null===a&&(e=h),a}function K(){var a;return 42===b.charCodeAt(e)?(a=\"*\",e++):(a=null,0===f&&k('\"*\"')),null===a&&(47===b.charCodeAt(e)?(a=\"/\",e++):(a=null,0===f&&k('\"/\"'))),a}function L(){var a,b,c,d,f,g,h,i,j;if(h=e,i=e,a=J(),null!==a){for(b=[],j=e,c=z(),null!==c?(d=M(),null!==d?(f=z(),null!==f?(g=J(),null!==g?c=[c,d,f,g]:(c=null,e=j)):(c=null,e=j)):(c=null,e=j)):(c=null,e=j);null!==c;)b.push(c),j=e,c=z(),null!==c?(d=M(),null!==d?(f=z(),null!==f?(g=J(),null!==g?c=[c,d,f,g]:(c=null,e=j)):(c=null,e=j)):(c=null,e=j)):(c=null,e=j);null!==b?a=[a,b]:(a=null,e=i)}else a=null,e=i;return null!==a&&(a=function(a,b,c){for(var d=b,e=0;c.length>e;e++)d={type:\"AdditiveExpression\",operator:c[e][1],left:d,right:c[e][3]};return d}(h,a[0],a[1])),null===a&&(e=h),a}function M(){var a;return 43===b.charCodeAt(e)?(a=\"+\",e++):(a=null,0===f&&k('\"+\"')),null===a&&(45===b.charCodeAt(e)?(a=\"-\",e++):(a=null,0===f&&k('\"-\"'))),a}function N(){var a,b,c,d,f,g,h,i,j;if(h=e,i=e,a=L(),null!==a){for(b=[],j=e,c=z(),null!==c?(d=O(),null!==d?(f=z(),null!==f?(g=L(),null!==g?c=[c,d,f,g]:(c=null,e=j)):(c=null,e=j)):(c=null,e=j)):(c=null,e=j);null!==c;)b.push(c),j=e,c=z(),null!==c?(d=O(),null!==d?(f=z(),null!==f?(g=L(),null!==g?c=[c,d,f,g]:(c=null,e=j)):(c=null,e=j)):(c=null,e=j)):(c=null,e=j);null!==b?a=[a,b]:(a=null,e=i)}else a=null,e=i;return null!==a&&(a=function(a,b,c){for(var d=b,e=0;c.length>e;e++)d={type:\"Inequality\",operator:c[e][1],left:d,right:c[e][3]};return d}(h,a[0],a[1])),null===a&&(e=h),a}function O(){var a;return\"<=\"===b.substr(e,2)?(a=\"<=\",e+=2):(a=null,0===f&&k('\"<=\"')),null===a&&(\">=\"===b.substr(e,2)?(a=\">=\",e+=2):(a=null,0===f&&k('\">=\"')),null===a&&(60===b.charCodeAt(e)?(a=\"<\",e++):(a=null,0===f&&k('\"<\"')),null===a&&(62===b.charCodeAt(e)?(a=\">\",e++):(a=null,0===f&&k('\">\"'))))),a}function P(){var a,c,d,g,h,i,j,l,m;if(j=e,l=e,a=N(),null!==a){for(c=[],m=e,d=z(),null!==d?(\"==\"===b.substr(e,2)?(g=\"==\",e+=2):(g=null,0===f&&k('\"==\"')),null!==g?(h=z(),null!==h?(i=N(),null!==i?d=[d,g,h,i]:(d=null,e=m)):(d=null,e=m)):(d=null,e=m)):(d=null,e=m);null!==d;)c.push(d),m=e,d=z(),null!==d?(\"==\"===b.substr(e,2)?(g=\"==\",e+=2):(g=null,0===f&&k('\"==\"')),null!==g?(h=z(),null!==h?(i=N(),null!==i?d=[d,g,h,i]:(d=null,e=m)):(d=null,e=m)):(d=null,e=m)):(d=null,e=m);null!==c?a=[a,c]:(a=null,e=l)}else a=null,e=l;return null!==a&&(a=function(a,b,c){for(var d=b,e=0;c.length>e;e++)d={type:\"Equality\",operator:c[e][1],left:d,right:c[e][3]};return d}(j,a[0],a[1])),null===a&&(e=j),a}function Q(a){a.sort();for(var b=null,c=[],d=0;a.length>d;d++)a[d]!==b&&(c.push(a[d]),b=a[d]);return c}function R(){for(var a=1,c=1,d=!1,f=0;Math.max(e,g)>f;f++){var h=b.charAt(f);\"\\n\"===h?(d||a++,c=1,d=!1):\"\\r\"===h||\"\\u2028\"===h||\"\\u2029\"===h?(a++,c=1,d=!0):(c++,d=!1)}return{line:a,column:c}}var d={start:l,Statement:m,SourceCharacter:n,IdentifierStart:o,WhiteSpace:p,LineTerminator:q,LineTerminatorSequence:r,EOS:s,EOF:t,Comment:u,MultiLineComment:v,MultiLineCommentNoLineTerminator:w,SingleLineComment:x,_:y,__:z,Literal:A,Integer:B,Real:C,SignedInteger:D,Identifier:E,IdentifierName:F,PrimaryExpression:G,UnaryExpression:H,UnaryOperator:I,MultiplicativeExpression:J,MultiplicativeOperator:K,AdditiveExpression:L,AdditiveOperator:M,InequalityExpression:N,InequalityOperator:O,LinearExpression:P};if(void 0!==c){if(void 0===d[c])throw Error(\"Invalid rule name: \"+a(c)+\".\")}else c=\"start\";var e=0,f=0,g=0,h=[],S=d[c]();if(null===S||e!==b.length){var T=Math.max(e,g),U=b.length>T?b.charAt(T):null,V=R();throw new this.SyntaxError(Q(h),U,T,V.line,V.column)}return S},toSource:function(){return this._source}};return b.SyntaxError=function(b,c,d,e,f){function g(b,c){var d,e;switch(b.length){case 0:d=\"end of input\";break;case 1:d=b[0];break;default:d=b.slice(0,b.length-1).join(\", \")+\" or \"+b[b.length-1]}return e=c?a(c):\"end of input\",\"Expected \"+d+\" but \"+e+\" found.\"}this.name=\"SyntaxError\",this.expected=b,this.found=c,this.message=g(b,c),this.offset=d,this.line=e,this.column=f},b.SyntaxError.prototype=Error.prototype,b}();","}).call(","  (typeof module != \"undefined\") ?","      (module.compiled = true && module) : this",");",""],"l":{"15":1,"16":159,"17":1}}}